#
# There is insufficient memory for the Java Runtime Environment to continue.
# Native memory allocation (malloc) failed to allocate 2264816 bytes for Chunk::new
# Possible reasons:
#   The system is out of physical RAM or swap space
#   The process is running with CompressedOops enabled, and the Java Heap may be blocking the growth of the native heap
# Possible solutions:
#   Reduce memory load on the system
#   Increase physical memory or swap space
#   Check if swap backing store is full
#   Decrease Java heap size (-Xmx/-Xms)
#   Decrease number of Java threads
#   Decrease Java thread stack sizes (-Xss)
#   Set larger code cache with -XX:ReservedCodeCacheSize=
#   JVM is running with Unscaled Compressed Oops mode in which the Java heap is
#     placed in the first 4GB address space. The Java Heap base address is the
#     maximum limit for the native heap growth. Please use -XX:HeapBaseMinAddress
#     to set the Java Heap base and to place the Java Heap above 4GB virtual address.
# This output file may be truncated or incomplete.
#
#  Out of Memory Error (./src/hotspot/share/memory/arena.cpp:197), pid=5548, tid=15304
#
# JRE version: OpenJDK Runtime Environment (11.0.10) (build 11.0.10+0-b96-7249189)
# Java VM: OpenJDK 64-Bit Server VM (11.0.10+0-b96-7249189, mixed mode, tiered, compressed oops, g1 gc, windows-amd64)
# No core dump will be written. Minidumps are not enabled by default on client versions of Windows
#

---------------  S U M M A R Y ------------

Command Line: --add-opens=java.base/java.util=ALL-UNNAMED --add-opens=java.base/java.lang=ALL-UNNAMED --add-opens=java.base/java.lang.invoke=ALL-UNNAMED --add-opens=java.base/java.util=ALL-UNNAMED --add-opens=java.prefs/java.util.prefs=ALL-UNNAMED --add-opens=java.prefs/java.util.prefs=ALL-UNNAMED --add-opens=java.base/java.nio.charset=ALL-UNNAMED --add-opens=java.base/java.net=ALL-UNNAMED --add-opens=java.base/java.util.concurrent.atomic=ALL-UNNAMED -Xmx2048m -Dfile.encoding=UTF-8 -Duser.country=US -Duser.language=en -Duser.variant org.gradle.launcher.daemon.bootstrap.GradleDaemon 7.0.2

Host: Intel(R) Core(TM) i5-3570 CPU @ 3.40GHz, 4 cores, 15G,  Windows 10 , 64 bit Build 19041 (10.0.19041.1741)
Time: Sun Jul 10 17:52:54 2022 India Standard Time elapsed time: 68.211143 seconds (0d 0h 1m 8s)

---------------  T H R E A D  ---------------

Current thread (0x000002079705e000):  JavaThread "C2 CompilerThread1" daemon [_thread_in_native, id=15304, stack(0x000000ceee000000,0x000000ceee100000)]


Current CompileTask:
C2:  68211 19963       4       com.android.tools.r8.ir.regalloc.a::a (3985 bytes)

Stack: [0x000000ceee000000,0x000000ceee100000]
Native frames: (J=compiled Java code, j=interpreted, Vv=VM code, C=native code)
V  [jvm.dll+0x5ecfaa]
V  [jvm.dll+0x722bd5]
V  [jvm.dll+0x72412d]
V  [jvm.dll+0x7247e3]
V  [jvm.dll+0x242928]
V  [jvm.dll+0xbc4fc]
V  [jvm.dll+0xbca0c]
V  [jvm.dll+0x352d7d]
V  [jvm.dll+0x197e0c]
V  [jvm.dll+0x1fb70e]
V  [jvm.dll+0x1fa7f4]
V  [jvm.dll+0x18354c]
V  [jvm.dll+0x208ee7]
V  [jvm.dll+0x207731]
V  [jvm.dll+0x6eb1cf]
V  [jvm.dll+0x6e3d45]
V  [jvm.dll+0x5ebe96]
C  [ucrtbase.dll+0x21bb2]
C  [KERNEL32.DLL+0x17034]
C  [ntdll.dll+0x52651]


---------------  P R O C E S S  ---------------

Threads class SMR info:
_java_thread_list=0x00000207a4f8c5f0, length=53, elements={
0x00000207f84ca000, 0x00000207ff019000, 0x00000207ff01c800, 0x00000207ff89c800,
0x00000207ff89f000, 0x00000207ff8a1000, 0x00000207ff8a4000, 0x00000207ff909800,
0x00000207ff90f000, 0x00000207ffa11800, 0x00000207965bb800, 0x0000020796731800,
0x0000020796614800, 0x00000207972d7800, 0x0000020796de5000, 0x0000020796f03800,
0x00000207970ae800, 0x0000020795c3e800, 0x0000020796dce800, 0x0000020796dce000,
0x0000020796dcf800, 0x0000020796dd0000, 0x0000020796dd1000, 0x0000020796dd2000,
0x0000020796dd2800, 0x0000020796dcd000, 0x0000020796dd3800, 0x0000020797600000,
0x0000020797603800, 0x0000020797601000, 0x0000020797605000, 0x0000020797604000,
0x0000020797607800, 0x0000020797606000, 0x0000020797606800, 0x0000020797601800,
0x000002079760a000, 0x000002079760b800, 0x0000020797608800, 0x000002079760d000,
0x000002079760a800, 0x000002079705e000, 0x000002079c70c000, 0x000002079c70c800,
0x000002079c707800, 0x000002079c70b000, 0x000002079c70a000, 0x000002079c70d800,
0x000002079c70e000, 0x000002079c708800, 0x000002079c709800, 0x000002079c712800,
0x000002079c713000
}

Java Threads: ( => current thread )
  0x00000207f84ca000 JavaThread "main" [_thread_blocked, id=15364, stack(0x000000ceeab00000,0x000000ceeac00000)]
  0x00000207ff019000 JavaThread "Reference Handler" daemon [_thread_blocked, id=15020, stack(0x000000ceeb200000,0x000000ceeb300000)]
  0x00000207ff01c800 JavaThread "Finalizer" daemon [_thread_blocked, id=16712, stack(0x000000ceeb300000,0x000000ceeb400000)]
  0x00000207ff89c800 JavaThread "Signal Dispatcher" daemon [_thread_blocked, id=4340, stack(0x000000ceeb400000,0x000000ceeb500000)]
  0x00000207ff89f000 JavaThread "Attach Listener" daemon [_thread_blocked, id=9136, stack(0x000000ceeb500000,0x000000ceeb600000)]
  0x00000207ff8a1000 JavaThread "Service Thread" daemon [_thread_blocked, id=16636, stack(0x000000ceeb600000,0x000000ceeb700000)]
  0x00000207ff8a4000 JavaThread "C2 CompilerThread0" daemon [_thread_in_native, id=14032, stack(0x000000ceeb700000,0x000000ceeb800000)]
  0x00000207ff909800 JavaThread "C1 CompilerThread0" daemon [_thread_blocked, id=14544, stack(0x000000ceeb800000,0x000000ceeb900000)]
  0x00000207ff90f000 JavaThread "Sweeper thread" daemon [_thread_blocked, id=10028, stack(0x000000ceeb900000,0x000000ceeba00000)]
  0x00000207ffa11800 JavaThread "Common-Cleaner" daemon [_thread_blocked, id=11780, stack(0x000000ceeba00000,0x000000ceebb00000)]
  0x00000207965bb800 JavaThread "Daemon health stats" [_thread_blocked, id=7656, stack(0x000000ceec000000,0x000000ceec100000)]
  0x0000020796731800 JavaThread "Incoming local TCP Connector on port 61042" [_thread_in_native, id=16392, stack(0x000000ceebc00000,0x000000ceebd00000)]
  0x0000020796614800 JavaThread "Daemon periodic checks" [_thread_blocked, id=16436, stack(0x000000ceec200000,0x000000ceec300000)]
  0x00000207972d7800 JavaThread "Daemon" [_thread_blocked, id=17236, stack(0x000000ceec300000,0x000000ceec400000)]
  0x0000020796de5000 JavaThread "Handler for socket connection from /127.0.0.1:61042 to /127.0.0.1:61043" [_thread_in_native, id=14300, stack(0x000000ceec400000,0x000000ceec500000)]
  0x0000020796f03800 JavaThread "Cancel handler" [_thread_blocked, id=11900, stack(0x000000ceec500000,0x000000ceec600000)]
  0x00000207970ae800 JavaThread "Daemon worker" [_thread_blocked, id=3664, stack(0x000000ceec600000,0x000000ceec700000)]
  0x0000020795c3e800 JavaThread "Asynchronous log dispatcher for DefaultDaemonConnection: socket connection from /127.0.0.1:61042 to /127.0.0.1:61043" [_thread_blocked, id=12336, stack(0x000000ceec700000,0x000000ceec800000)]
  0x0000020796dce800 JavaThread "Daemon client event forwarder" [_thread_blocked, id=16408, stack(0x000000ceec900000,0x000000ceeca00000)]
  0x0000020796dce000 JavaThread "Cache worker for file hash cache (C:\Users\pc\.gradle\caches\7.0.2\fileHashes)" [_thread_blocked, id=16116, stack(0x000000ceeca00000,0x000000ceecb00000)]
  0x0000020796dcf800 JavaThread "File lock request listener" [_thread_in_native, id=14472, stack(0x000000ceecb00000,0x000000ceecc00000)]
  0x0000020796dd0000 JavaThread "Cache worker for journal cache (C:\Users\pc\.gradle\caches\journal-1)" [_thread_blocked, id=4804, stack(0x000000ceecc00000,0x000000ceecd00000)]
  0x0000020796dd1000 JavaThread "Cache worker for file hash cache (C:\Users\pc\AndroidStudioProjects\AndroidStudyTutorialApp\.gradle\7.0.2\fileHashes)" [_thread_blocked, id=15716, stack(0x000000ceecd00000,0x000000ceece00000)]
  0x0000020796dd2000 JavaThread "File watcher server" daemon [_thread_in_native, id=17092, stack(0x000000ceece00000,0x000000ceecf00000)]
  0x0000020796dd2800 JavaThread "File watcher consumer" daemon [_thread_blocked, id=17356, stack(0x000000ceecf00000,0x000000ceed000000)]
  0x0000020796dcd000 JavaThread "Cache worker for checksums cache (C:\Users\pc\AndroidStudioProjects\AndroidStudyTutorialApp\.gradle\checksums)" [_thread_blocked, id=9408, stack(0x000000ceed000000,0x000000ceed100000)]
  0x0000020796dd3800 JavaThread "Cache worker for cache directory md-supplier (C:\Users\pc\.gradle\caches\7.0.2\md-supplier)" [_thread_blocked, id=16992, stack(0x000000ceed100000,0x000000ceed200000)]
  0x0000020797600000 JavaThread "Cache worker for cache directory md-rule (C:\Users\pc\.gradle\caches\7.0.2\md-rule)" [_thread_blocked, id=15684, stack(0x000000ceed200000,0x000000ceed300000)]
  0x0000020797603800 JavaThread "Cache worker for execution history cache (C:\Users\pc\.gradle\caches\7.0.2\executionHistory)" [_thread_blocked, id=3660, stack(0x000000ceed300000,0x000000ceed400000)]
  0x0000020797601000 JavaThread "jar transforms" [_thread_blocked, id=9188, stack(0x000000ceed400000,0x000000ceed500000)]
  0x0000020797605000 JavaThread "jar transforms Thread 2" [_thread_blocked, id=12100, stack(0x000000ceed500000,0x000000ceed600000)]
  0x0000020797604000 JavaThread "Cache worker for file content cache (C:\Users\pc\.gradle\caches\7.0.2\fileContent)" [_thread_blocked, id=6712, stack(0x000000ceed600000,0x000000ceed700000)]
  0x0000020797607800 JavaThread "Cache worker for dependencies-accessors (C:\Users\pc\AndroidStudioProjects\AndroidStudyTutorialApp\.gradle\7.0.2\dependencies-accessors)" [_thread_blocked, id=15952, stack(0x000000ceed700000,0x000000ceed800000)]
  0x0000020797606000 JavaThread "jar transforms Thread 3" [_thread_blocked, id=16320, stack(0x000000ceed800000,0x000000ceed900000)]
  0x0000020797606800 JavaThread "Cache worker for Build Output Cleanup Cache (C:\Users\pc\AndroidStudioProjects\AndroidStudyTutorialApp\.gradle\buildOutputCleanup)" [_thread_blocked, id=11488, stack(0x000000ceed900000,0x000000ceeda00000)]
  0x0000020797601800 JavaThread "Build operations" [_thread_in_Java, id=15736, stack(0x000000ceeda00000,0x000000ceedb00000)]
  0x000002079760a000 JavaThread "Build operations Thread 2" [_thread_in_Java, id=11636, stack(0x000000ceedb00000,0x000000ceedc00000)]
  0x000002079760b800 JavaThread "Build operations Thread 3" [_thread_in_Java, id=2256, stack(0x000000ceedc00000,0x000000ceedd00000)]
  0x0000020797608800 JavaThread "Build operations Thread 4" [_thread_in_Java, id=6048, stack(0x000000ceedd00000,0x000000ceede00000)]
  0x000002079760d000 JavaThread "jar transforms Thread 4" [_thread_blocked, id=9260, stack(0x000000ceede00000,0x000000ceedf00000)]
  0x000002079760a800 JavaThread "Memory manager" [_thread_blocked, id=5720, stack(0x000000ceedf00000,0x000000ceee000000)]
=>0x000002079705e000 JavaThread "C2 CompilerThread1" daemon [_thread_in_native, id=15304, stack(0x000000ceee000000,0x000000ceee100000)]
  0x000002079c70c000 JavaThread "build event listener" [_thread_blocked, id=380, stack(0x000000ceee100000,0x000000ceee200000)]
  0x000002079c70c800 JavaThread "pool-4-thread-1" [_thread_blocked, id=5188, stack(0x000000ceee200000,0x000000ceee300000)]
  0x000002079c707800 JavaThread "build event listener" [_thread_blocked, id=12560, stack(0x000000ceee300000,0x000000ceee400000)]
  0x000002079c70b000 JavaThread "Execution worker for ':'" [_thread_blocked, id=1088, stack(0x000000ceee400000,0x000000ceee500000)]
  0x000002079c70a000 JavaThread "Execution worker for ':' Thread 2" [_thread_blocked, id=12672, stack(0x000000ceee500000,0x000000ceee600000)]
  0x000002079c70d800 JavaThread "Execution worker for ':' Thread 3" [_thread_blocked, id=16616, stack(0x000000ceee600000,0x000000ceee700000)]
  0x000002079c70e000 JavaThread "Cache worker for execution history cache (C:\Users\pc\AndroidStudioProjects\AndroidStudyTutorialApp\.gradle\7.0.2\executionHistory)" [_thread_blocked, id=16888, stack(0x000000ceee700000,0x000000ceee800000)]
  0x000002079c708800 JavaThread "WorkerExecutor Queue" [_thread_blocked, id=14388, stack(0x000000ceee800000,0x000000ceee900000)]
  0x000002079c709800 JavaThread "WorkerExecutor Queue Thread 2" [_thread_blocked, id=15164, stack(0x000000ceee900000,0x000000ceeea00000)]
  0x000002079c712800 JavaThread "WorkerExecutor Queue Thread 3" [_thread_blocked, id=6668, stack(0x000000ceeea00000,0x000000ceeeb00000)]
  0x000002079c713000 JavaThread "WorkerExecutor Queue Thread 4" [_thread_blocked, id=15052, stack(0x000000ceeeb00000,0x000000ceeec00000)]

Other Threads:
  0x00000207ff015800 VMThread "VM Thread" [stack: 0x000000ceeb100000,0x000000ceeb200000] [id=13092]
  0x00000207ffa37800 WatcherThread [stack: 0x000000ceebb00000,0x000000ceebc00000] [id=13980]
  0x00000207f84e2800 GCTaskThread "GC Thread#0" [stack: 0x000000ceeac00000,0x000000ceead00000] [id=16468]
  0x000002079530e000 GCTaskThread "GC Thread#1" [stack: 0x000000ceebd00000,0x000000ceebe00000] [id=1604]
  0x00000207953c1000 GCTaskThread "GC Thread#2" [stack: 0x000000ceebe00000,0x000000ceebf00000] [id=12692]
  0x000002079549e000 GCTaskThread "GC Thread#3" [stack: 0x000000ceebf00000,0x000000ceec000000] [id=16288]
  0x00000207f8513800 ConcurrentGCThread "G1 Main Marker" [stack: 0x000000ceead00000,0x000000ceeae00000] [id=17332]
  0x00000207f8516000 ConcurrentGCThread "G1 Conc#0" [stack: 0x000000ceeae00000,0x000000ceeaf00000] [id=2912]
  0x00000207fee81000 ConcurrentGCThread "G1 Refine#0" [stack: 0x000000ceeaf00000,0x000000ceeb000000] [id=12740]
  0x00000207a35c4000 ConcurrentGCThread "G1 Refine#1" [stack: 0x000000ceeec00000,0x000000ceeed00000] [id=10808]
  0x00000207a3a57000 ConcurrentGCThread "G1 Refine#2" [stack: 0x000000ceeed00000,0x000000ceeee00000] [id=12440]
  0x00000207fee82000 ConcurrentGCThread "G1 Young RemSet Sampling" [stack: 0x000000ceeb000000,0x000000ceeb100000] [id=15008]

Threads with active compile tasks:
C2 CompilerThread0  68242 20133 %     4       com.android.tools.r8.internal.U6::a @ 66 (6044 bytes)
C2 CompilerThread1  68242 19963       4       com.android.tools.r8.ir.regalloc.a::a (3985 bytes)

VM state:not at safepoint (normal execution)

VM Mutex/Monitor currently owned by a thread: None

Heap address: 0x0000000080000000, size: 2048 MB, Compressed Oops mode: 32-bit
Narrow klass base: 0x0000000000000000, Narrow klass shift: 3
Compressed class space size: 1073741824 Address: 0x0000000100000000

Heap:
 garbage-first heap   total 275456K, used 188358K [0x0000000080000000, 0x0000000100000000)
  region size 1024K, 54 young (55296K), 5 survivors (5120K)
 Metaspace       used 117299K, capacity 120261K, committed 120396K, reserved 1155072K
  class space    used 14561K, capacity 15659K, committed 15744K, reserved 1048576K
Heap Regions: E=young(eden), S=young(survivor), O=old, HS=humongous(starts), HC=humongous(continues), CS=collection set, F=free, A=archive, TAMS=top-at-mark-start (previous, next)
|   0|0x0000000080000000, 0x0000000080100000, 0x0000000080100000|100%| O|  |TAMS 0x0000000080100000, 0x0000000080000000| Untracked 
|   1|0x0000000080100000, 0x0000000080200000, 0x0000000080200000|100%| O|  |TAMS 0x0000000080200000, 0x0000000080100000| Untracked 
|   2|0x0000000080200000, 0x0000000080300000, 0x0000000080300000|100%| O|  |TAMS 0x0000000080300000, 0x0000000080200000| Untracked 
|   3|0x0000000080300000, 0x0000000080400000, 0x0000000080400000|100%|HS|  |TAMS 0x0000000080400000, 0x0000000080300000| Complete 
|   4|0x0000000080400000, 0x0000000080500000, 0x0000000080500000|100%|HC|  |TAMS 0x0000000080500000, 0x0000000080400000| Complete 
|   5|0x0000000080500000, 0x0000000080600000, 0x0000000080600000|100%|HC|  |TAMS 0x0000000080600000, 0x0000000080500000| Complete 
|   6|0x0000000080600000, 0x0000000080700000, 0x0000000080700000|100%| O|  |TAMS 0x0000000080700000, 0x0000000080600000| Untracked 
|   7|0x0000000080700000, 0x0000000080800000, 0x0000000080800000|100%| O|  |TAMS 0x0000000080800000, 0x0000000080700000| Untracked 
|   8|0x0000000080800000, 0x0000000080900000, 0x0000000080900000|100%| O|  |TAMS 0x0000000080900000, 0x0000000080800000| Untracked 
|   9|0x0000000080900000, 0x0000000080a00000, 0x0000000080a00000|100%| O|  |TAMS 0x0000000080a00000, 0x0000000080900000| Untracked 
|  10|0x0000000080a00000, 0x0000000080b00000, 0x0000000080b00000|100%| O|  |TAMS 0x0000000080b00000, 0x0000000080a00000| Untracked 
|  11|0x0000000080b00000, 0x0000000080c00000, 0x0000000080c00000|100%|HS|  |TAMS 0x0000000080c00000, 0x0000000080b00000| Complete 
|  12|0x0000000080c00000, 0x0000000080d00000, 0x0000000080d00000|100%|HS|  |TAMS 0x0000000080d00000, 0x0000000080c00000| Complete 
|  13|0x0000000080d00000, 0x0000000080e00000, 0x0000000080e00000|100%|HS|  |TAMS 0x0000000080e00000, 0x0000000080d00000| Complete 
|  14|0x0000000080e00000, 0x0000000080f00000, 0x0000000080f00000|100%|HC|  |TAMS 0x0000000080f00000, 0x0000000080e00000| Complete 
|  15|0x0000000080f00000, 0x0000000081000000, 0x0000000081000000|100%| O|  |TAMS 0x0000000081000000, 0x0000000080f00000| Untracked 
|  16|0x0000000081000000, 0x0000000081100000, 0x0000000081100000|100%| O|  |TAMS 0x0000000081100000, 0x0000000081000000| Untracked 
|  17|0x0000000081100000, 0x0000000081200000, 0x0000000081200000|100%| O|  |TAMS 0x0000000081200000, 0x0000000081100000| Untracked 
|  18|0x0000000081200000, 0x0000000081300000, 0x0000000081300000|100%| O|  |TAMS 0x0000000081300000, 0x0000000081200000| Untracked 
|  19|0x0000000081300000, 0x0000000081400000, 0x0000000081400000|100%| O|  |TAMS 0x0000000081400000, 0x0000000081300000| Untracked 
|  20|0x0000000081400000, 0x0000000081500000, 0x0000000081500000|100%| O|  |TAMS 0x0000000081500000, 0x0000000081400000| Untracked 
|  21|0x0000000081500000, 0x0000000081600000, 0x0000000081600000|100%| O|  |TAMS 0x0000000081600000, 0x0000000081500000| Untracked 
|  22|0x0000000081600000, 0x0000000081700000, 0x0000000081700000|100%| O|  |TAMS 0x0000000081700000, 0x0000000081600000| Untracked 
|  23|0x0000000081700000, 0x0000000081800000, 0x0000000081800000|100%| O|  |TAMS 0x0000000081800000, 0x0000000081700000| Untracked 
|  24|0x0000000081800000, 0x0000000081900000, 0x0000000081900000|100%| O|  |TAMS 0x0000000081900000, 0x0000000081800000| Untracked 
|  25|0x0000000081900000, 0x0000000081a00000, 0x0000000081a00000|100%| O|  |TAMS 0x0000000081a00000, 0x0000000081900000| Untracked 
|  26|0x0000000081a00000, 0x0000000081b00000, 0x0000000081b00000|100%| O|  |TAMS 0x0000000081b00000, 0x0000000081a00000| Untracked 
|  27|0x0000000081b00000, 0x0000000081c00000, 0x0000000081c00000|100%| O|  |TAMS 0x0000000081c00000, 0x0000000081b00000| Untracked 
|  28|0x0000000081c00000, 0x0000000081d00000, 0x0000000081d00000|100%| O|  |TAMS 0x0000000081d00000, 0x0000000081c00000| Untracked 
|  29|0x0000000081d00000, 0x0000000081e00000, 0x0000000081e00000|100%| O|  |TAMS 0x0000000081e00000, 0x0000000081d00000| Untracked 
|  30|0x0000000081e00000, 0x0000000081f00000, 0x0000000081f00000|100%| O|  |TAMS 0x0000000081f00000, 0x0000000081e00000| Untracked 
|  31|0x0000000081f00000, 0x0000000082000000, 0x0000000082000000|100%| O|  |TAMS 0x0000000082000000, 0x0000000081f00000| Untracked 
|  32|0x0000000082000000, 0x0000000082100000, 0x0000000082100000|100%| O|  |TAMS 0x0000000082100000, 0x0000000082000000| Untracked 
|  33|0x0000000082100000, 0x0000000082200000, 0x0000000082200000|100%| O|  |TAMS 0x0000000082200000, 0x0000000082100000| Untracked 
|  34|0x0000000082200000, 0x0000000082300000, 0x0000000082300000|100%| O|  |TAMS 0x0000000082300000, 0x0000000082200000| Untracked 
|  35|0x0000000082300000, 0x0000000082400000, 0x0000000082400000|100%| O|  |TAMS 0x0000000082400000, 0x0000000082300000| Untracked 
|  36|0x0000000082400000, 0x0000000082500000, 0x0000000082500000|100%| O|  |TAMS 0x0000000082500000, 0x0000000082400000| Untracked 
|  37|0x0000000082500000, 0x0000000082600000, 0x0000000082600000|100%| O|  |TAMS 0x0000000082600000, 0x0000000082500000| Untracked 
|  38|0x0000000082600000, 0x0000000082700000, 0x0000000082700000|100%| O|  |TAMS 0x0000000082700000, 0x0000000082600000| Untracked 
|  39|0x0000000082700000, 0x0000000082800000, 0x0000000082800000|100%| O|  |TAMS 0x0000000082800000, 0x0000000082700000| Untracked 
|  40|0x0000000082800000, 0x0000000082900000, 0x0000000082900000|100%| O|  |TAMS 0x0000000082900000, 0x0000000082800000| Untracked 
|  41|0x0000000082900000, 0x0000000082a00000, 0x0000000082a00000|100%| O|  |TAMS 0x0000000082a00000, 0x0000000082900000| Untracked 
|  42|0x0000000082a00000, 0x0000000082b00000, 0x0000000082b00000|100%| O|  |TAMS 0x0000000082b00000, 0x0000000082a00000| Untracked 
|  43|0x0000000082b00000, 0x0000000082c00000, 0x0000000082c00000|100%| O|  |TAMS 0x0000000082c00000, 0x0000000082b00000| Untracked 
|  44|0x0000000082c00000, 0x0000000082d00000, 0x0000000082d00000|100%| O|  |TAMS 0x0000000082d00000, 0x0000000082c00000| Untracked 
|  45|0x0000000082d00000, 0x0000000082e00000, 0x0000000082e00000|100%| O|  |TAMS 0x0000000082e00000, 0x0000000082d00000| Untracked 
|  46|0x0000000082e00000, 0x0000000082f00000, 0x0000000082f00000|100%| O|  |TAMS 0x0000000082f00000, 0x0000000082e00000| Untracked 
|  47|0x0000000082f00000, 0x0000000083000000, 0x0000000083000000|100%| O|  |TAMS 0x0000000083000000, 0x0000000082f00000| Untracked 
|  48|0x0000000083000000, 0x0000000083100000, 0x0000000083100000|100%| O|  |TAMS 0x0000000083100000, 0x0000000083000000| Untracked 
|  49|0x0000000083100000, 0x0000000083200000, 0x0000000083200000|100%| O|  |TAMS 0x0000000083200000, 0x0000000083100000| Untracked 
|  50|0x0000000083200000, 0x0000000083300000, 0x0000000083300000|100%| O|  |TAMS 0x0000000083300000, 0x0000000083200000| Untracked 
|  51|0x0000000083300000, 0x0000000083400000, 0x0000000083400000|100%| O|  |TAMS 0x0000000083400000, 0x0000000083300000| Untracked 
|  52|0x0000000083400000, 0x0000000083500000, 0x0000000083500000|100%| O|  |TAMS 0x0000000083500000, 0x0000000083400000| Untracked 
|  53|0x0000000083500000, 0x0000000083600000, 0x0000000083600000|100%| O|  |TAMS 0x0000000083600000, 0x0000000083500000| Untracked 
|  54|0x0000000083600000, 0x0000000083700000, 0x0000000083700000|100%| O|  |TAMS 0x0000000083700000, 0x0000000083600000| Untracked 
|  55|0x0000000083700000, 0x0000000083800000, 0x0000000083800000|100%| O|  |TAMS 0x0000000083800000, 0x0000000083700000| Untracked 
|  56|0x0000000083800000, 0x0000000083900000, 0x0000000083900000|100%| O|  |TAMS 0x0000000083900000, 0x0000000083800000| Untracked 
|  57|0x0000000083900000, 0x0000000083a00000, 0x0000000083a00000|100%| O|  |TAMS 0x0000000083a00000, 0x0000000083900000| Untracked 
|  58|0x0000000083a00000, 0x0000000083b00000, 0x0000000083b00000|100%| O|  |TAMS 0x0000000083b00000, 0x0000000083a00000| Untracked 
|  59|0x0000000083b00000, 0x0000000083c00000, 0x0000000083c00000|100%| O|  |TAMS 0x0000000083b00000, 0x0000000083b00000| Untracked 
|  60|0x0000000083c00000, 0x0000000083d00000, 0x0000000083d00000|100%| O|  |TAMS 0x0000000083d00000, 0x0000000083c00000| Untracked 
|  61|0x0000000083d00000, 0x0000000083d00000, 0x0000000083e00000|  0%| F|  |TAMS 0x0000000083d00000, 0x0000000083d00000| Untracked 
|  62|0x0000000083e00000, 0x0000000083f00000, 0x0000000083f00000|100%| O|  |TAMS 0x0000000083f00000, 0x0000000083e00000| Untracked 
|  63|0x0000000083f00000, 0x0000000084000000, 0x0000000084000000|100%| O|  |TAMS 0x0000000084000000, 0x0000000083f00000| Untracked 
|  64|0x0000000084000000, 0x0000000084100000, 0x0000000084100000|100%| O|  |TAMS 0x0000000084100000, 0x0000000084000000| Untracked 
|  65|0x0000000084100000, 0x0000000084200000, 0x0000000084200000|100%| O|  |TAMS 0x0000000084200000, 0x0000000084100000| Untracked 
|  66|0x0000000084200000, 0x0000000084300000, 0x0000000084300000|100%| O|  |TAMS 0x0000000084300000, 0x0000000084200000| Untracked 
|  67|0x0000000084300000, 0x0000000084300000, 0x0000000084400000|  0%| F|  |TAMS 0x0000000084300000, 0x0000000084300000| Untracked 
|  68|0x0000000084400000, 0x0000000084500000, 0x0000000084500000|100%| O|  |TAMS 0x0000000084500000, 0x0000000084400000| Untracked 
|  69|0x0000000084500000, 0x0000000084600000, 0x0000000084600000|100%| O|  |TAMS 0x0000000084600000, 0x0000000084500000| Untracked 
|  70|0x0000000084600000, 0x0000000084700000, 0x0000000084700000|100%| O|  |TAMS 0x0000000084700000, 0x0000000084600000| Untracked 
|  71|0x0000000084700000, 0x0000000084800000, 0x0000000084800000|100%| O|  |TAMS 0x0000000084800000, 0x0000000084700000| Untracked 
|  72|0x0000000084800000, 0x0000000084900000, 0x0000000084900000|100%| O|  |TAMS 0x0000000084900000, 0x0000000084800000| Untracked 
|  73|0x0000000084900000, 0x0000000084a00000, 0x0000000084a00000|100%| O|  |TAMS 0x0000000084a00000, 0x0000000084900000| Untracked 
|  74|0x0000000084a00000, 0x0000000084b00000, 0x0000000084b00000|100%| O|  |TAMS 0x0000000084b00000, 0x0000000084a00000| Untracked 
|  75|0x0000000084b00000, 0x0000000084c00000, 0x0000000084c00000|100%| O|  |TAMS 0x0000000084c00000, 0x0000000084b00000| Untracked 
|  76|0x0000000084c00000, 0x0000000084d00000, 0x0000000084d00000|100%| O|  |TAMS 0x0000000084d00000, 0x0000000084c00000| Untracked 
|  77|0x0000000084d00000, 0x0000000084e00000, 0x0000000084e00000|100%| O|  |TAMS 0x0000000084e00000, 0x0000000084d00000| Untracked 
|  78|0x0000000084e00000, 0x0000000084f00000, 0x0000000084f00000|100%| O|  |TAMS 0x0000000084f00000, 0x0000000084e00000| Untracked 
|  79|0x0000000084f00000, 0x0000000085000000, 0x0000000085000000|100%| O|  |TAMS 0x0000000085000000, 0x0000000084f00000| Untracked 
|  80|0x0000000085000000, 0x0000000085100000, 0x0000000085100000|100%| O|  |TAMS 0x0000000085100000, 0x0000000085000000| Untracked 
|  81|0x0000000085100000, 0x0000000085200000, 0x0000000085200000|100%| O|  |TAMS 0x0000000085200000, 0x0000000085100000| Untracked 
|  82|0x0000000085200000, 0x0000000085300000, 0x0000000085300000|100%| O|  |TAMS 0x0000000085300000, 0x0000000085200000| Untracked 
|  83|0x0000000085300000, 0x0000000085400000, 0x0000000085400000|100%| O|  |TAMS 0x0000000085400000, 0x0000000085300000| Untracked 
|  84|0x0000000085400000, 0x0000000085500000, 0x0000000085500000|100%| O|  |TAMS 0x0000000085500000, 0x0000000085400000| Untracked 
|  85|0x0000000085500000, 0x0000000085600000, 0x0000000085600000|100%| O|  |TAMS 0x0000000085600000, 0x0000000085500000| Untracked 
|  86|0x0000000085600000, 0x0000000085700000, 0x0000000085700000|100%| O|  |TAMS 0x0000000085700000, 0x0000000085600000| Untracked 
|  87|0x0000000085700000, 0x0000000085800000, 0x0000000085800000|100%| O|  |TAMS 0x0000000085800000, 0x0000000085700000| Untracked 
|  88|0x0000000085800000, 0x0000000085900000, 0x0000000085900000|100%| O|  |TAMS 0x0000000085900000, 0x0000000085800000| Untracked 
|  89|0x0000000085900000, 0x0000000085a00000, 0x0000000085a00000|100%| O|  |TAMS 0x0000000085a00000, 0x0000000085900000| Untracked 
|  90|0x0000000085a00000, 0x0000000085b00000, 0x0000000085b00000|100%| O|  |TAMS 0x0000000085b00000, 0x0000000085a00000| Untracked 
|  91|0x0000000085b00000, 0x0000000085c00000, 0x0000000085c00000|100%| O|  |TAMS 0x0000000085c00000, 0x0000000085b00000| Untracked 
|  92|0x0000000085c00000, 0x0000000085d00000, 0x0000000085d00000|100%| O|  |TAMS 0x0000000085d00000, 0x0000000085c00000| Untracked 
|  93|0x0000000085d00000, 0x0000000085e00000, 0x0000000085e00000|100%| O|  |TAMS 0x0000000085e00000, 0x0000000085d00000| Untracked 
|  94|0x0000000085e00000, 0x0000000085f00000, 0x0000000085f00000|100%| O|  |TAMS 0x0000000085f00000, 0x0000000085e00000| Untracked 
|  95|0x0000000085f00000, 0x0000000086000000, 0x0000000086000000|100%| O|  |TAMS 0x0000000086000000, 0x0000000085f00000| Untracked 
|  96|0x0000000086000000, 0x0000000086100000, 0x0000000086100000|100%| O|  |TAMS 0x0000000086100000, 0x0000000086000000| Untracked 
|  97|0x0000000086100000, 0x0000000086200000, 0x0000000086200000|100%| O|  |TAMS 0x0000000086200000, 0x0000000086100000| Untracked 
|  98|0x0000000086200000, 0x0000000086300000, 0x0000000086300000|100%| O|  |TAMS 0x0000000086300000, 0x0000000086200000| Untracked 
|  99|0x0000000086300000, 0x0000000086400000, 0x0000000086400000|100%| O|  |TAMS 0x0000000086400000, 0x0000000086300000| Untracked 
| 100|0x0000000086400000, 0x0000000086500000, 0x0000000086500000|100%| O|  |TAMS 0x0000000086500000, 0x0000000086400000| Untracked 
| 101|0x0000000086500000, 0x0000000086600000, 0x0000000086600000|100%| O|  |TAMS 0x0000000086600000, 0x0000000086500000| Untracked 
| 102|0x0000000086600000, 0x0000000086700000, 0x0000000086700000|100%| O|  |TAMS 0x0000000086700000, 0x0000000086600000| Untracked 
| 103|0x0000000086700000, 0x0000000086800000, 0x0000000086800000|100%| O|  |TAMS 0x0000000086800000, 0x0000000086700000| Untracked 
| 104|0x0000000086800000, 0x0000000086900000, 0x0000000086900000|100%| O|  |TAMS 0x0000000086900000, 0x0000000086800000| Untracked 
| 105|0x0000000086900000, 0x0000000086a00000, 0x0000000086a00000|100%| O|  |TAMS 0x0000000086a00000, 0x0000000086900000| Untracked 
| 106|0x0000000086a00000, 0x0000000086b00000, 0x0000000086b00000|100%| O|  |TAMS 0x0000000086b00000, 0x0000000086a00000| Untracked 
| 107|0x0000000086b00000, 0x0000000086c00000, 0x0000000086c00000|100%| O|  |TAMS 0x0000000086c00000, 0x0000000086b00000| Untracked 
| 108|0x0000000086c00000, 0x0000000086d00000, 0x0000000086d00000|100%| O|  |TAMS 0x0000000086d00000, 0x0000000086c00000| Untracked 
| 109|0x0000000086d00000, 0x0000000086e00000, 0x0000000086e00000|100%| O|  |TAMS 0x0000000086e00000, 0x0000000086d00000| Untracked 
| 110|0x0000000086e00000, 0x0000000086f00000, 0x0000000086f00000|100%| O|  |TAMS 0x0000000086f00000, 0x0000000086e00000| Untracked 
| 111|0x0000000086f00000, 0x0000000087000000, 0x0000000087000000|100%| O|  |TAMS 0x0000000087000000, 0x0000000086f00000| Untracked 
| 112|0x0000000087000000, 0x0000000087100000, 0x0000000087100000|100%| O|  |TAMS 0x0000000087100000, 0x0000000087000000| Untracked 
| 113|0x0000000087100000, 0x0000000087131c00, 0x0000000087200000| 19%| O|  |TAMS 0x0000000087100000, 0x0000000087100000| Untracked 
| 114|0x0000000087200000, 0x0000000087300000, 0x0000000087300000|100%| O|  |TAMS 0x0000000087300000, 0x0000000087200000| Untracked 
| 115|0x0000000087300000, 0x0000000087400000, 0x0000000087400000|100%| O|  |TAMS 0x0000000087400000, 0x0000000087300000| Untracked 
| 116|0x0000000087400000, 0x0000000087500000, 0x0000000087500000|100%| O|  |TAMS 0x0000000087500000, 0x0000000087400000| Untracked 
| 117|0x0000000087500000, 0x0000000087600000, 0x0000000087600000|100%| O|  |TAMS 0x0000000087600000, 0x0000000087500000| Untracked 
| 118|0x0000000087600000, 0x0000000087700000, 0x0000000087700000|100%| O|  |TAMS 0x0000000087700000, 0x0000000087600000| Untracked 
| 119|0x0000000087700000, 0x0000000087800000, 0x0000000087800000|100%| O|  |TAMS 0x0000000087800000, 0x0000000087700000| Untracked 
| 120|0x0000000087800000, 0x0000000087900000, 0x0000000087900000|100%| O|  |TAMS 0x0000000087900000, 0x0000000087800000| Untracked 
| 121|0x0000000087900000, 0x0000000087a00000, 0x0000000087a00000|100%| O|  |TAMS 0x0000000087a00000, 0x0000000087900000| Untracked 
| 122|0x0000000087a00000, 0x0000000087b00000, 0x0000000087b00000|100%| O|  |TAMS 0x0000000087b00000, 0x0000000087a00000| Untracked 
| 123|0x0000000087b00000, 0x0000000087c00000, 0x0000000087c00000|100%| O|  |TAMS 0x0000000087c00000, 0x0000000087b00000| Untracked 
| 124|0x0000000087c00000, 0x0000000087d00000, 0x0000000087d00000|100%| O|  |TAMS 0x0000000087d00000, 0x0000000087c00000| Untracked 
| 125|0x0000000087d00000, 0x0000000087e00000, 0x0000000087e00000|100%| O|  |TAMS 0x0000000087e00000, 0x0000000087d00000| Untracked 
| 126|0x0000000087e00000, 0x0000000087f00000, 0x0000000087f00000|100%| O|  |TAMS 0x0000000087f00000, 0x0000000087e00000| Untracked 
| 127|0x0000000087f00000, 0x0000000088000000, 0x0000000088000000|100%| O|  |TAMS 0x0000000088000000, 0x0000000087f00000| Untracked 
| 128|0x0000000088000000, 0x0000000088100000, 0x0000000088100000|100%| O|  |TAMS 0x0000000088100000, 0x0000000088000000| Untracked 
| 129|0x0000000088100000, 0x0000000088200000, 0x0000000088200000|100%| O|  |TAMS 0x0000000088200000, 0x0000000088100000| Untracked 
| 130|0x0000000088200000, 0x0000000088300000, 0x0000000088300000|100%| O|  |TAMS 0x0000000088300000, 0x0000000088200000| Untracked 
| 131|0x0000000088300000, 0x0000000088400000, 0x0000000088400000|100%| O|  |TAMS 0x0000000088400000, 0x0000000088300000| Untracked 
| 132|0x0000000088400000, 0x0000000088500000, 0x0000000088500000|100%| O|  |TAMS 0x0000000088467200, 0x0000000088400000| Untracked 
| 133|0x0000000088500000, 0x0000000088500000, 0x0000000088600000|  0%| F|  |TAMS 0x0000000088500000, 0x0000000088500000| Untracked 
| 134|0x0000000088600000, 0x0000000088600000, 0x0000000088700000|  0%| F|  |TAMS 0x0000000088600000, 0x0000000088600000| Untracked 
| 135|0x0000000088700000, 0x0000000088700000, 0x0000000088800000|  0%| F|  |TAMS 0x0000000088700000, 0x0000000088700000| Untracked 
| 136|0x0000000088800000, 0x0000000088800000, 0x0000000088900000|  0%| F|  |TAMS 0x0000000088800000, 0x0000000088800000| Untracked 
| 137|0x0000000088900000, 0x0000000088900000, 0x0000000088a00000|  0%| F|  |TAMS 0x0000000088900000, 0x0000000088900000| Untracked 
| 138|0x0000000088a00000, 0x0000000088a00000, 0x0000000088b00000|  0%| F|  |TAMS 0x0000000088a00000, 0x0000000088a00000| Untracked 
| 139|0x0000000088b00000, 0x0000000088b00000, 0x0000000088c00000|  0%| F|  |TAMS 0x0000000088b00000, 0x0000000088b00000| Untracked 
| 140|0x0000000088c00000, 0x0000000088c00000, 0x0000000088d00000|  0%| F|  |TAMS 0x0000000088c00000, 0x0000000088c00000| Untracked 
| 141|0x0000000088d00000, 0x0000000088d00000, 0x0000000088e00000|  0%| F|  |TAMS 0x0000000088d00000, 0x0000000088d00000| Untracked 
| 142|0x0000000088e00000, 0x0000000088e00000, 0x0000000088f00000|  0%| F|  |TAMS 0x0000000088e00000, 0x0000000088e00000| Untracked 
| 143|0x0000000088f00000, 0x0000000088f00000, 0x0000000089000000|  0%| F|  |TAMS 0x0000000088f00000, 0x0000000088f00000| Untracked 
| 144|0x0000000089000000, 0x0000000089000000, 0x0000000089100000|  0%| F|  |TAMS 0x0000000089000000, 0x0000000089000000| Untracked 
| 145|0x0000000089100000, 0x0000000089100000, 0x0000000089200000|  0%| F|  |TAMS 0x0000000089100000, 0x0000000089100000| Untracked 
| 146|0x0000000089200000, 0x0000000089200000, 0x0000000089300000|  0%| F|  |TAMS 0x0000000089200000, 0x0000000089200000| Untracked 
| 147|0x0000000089300000, 0x0000000089300000, 0x0000000089400000|  0%| F|  |TAMS 0x0000000089300000, 0x0000000089300000| Untracked 
| 148|0x0000000089400000, 0x0000000089400000, 0x0000000089500000|  0%| F|  |TAMS 0x0000000089400000, 0x0000000089400000| Untracked 
| 149|0x0000000089500000, 0x0000000089500000, 0x0000000089600000|  0%| F|  |TAMS 0x0000000089500000, 0x0000000089500000| Untracked 
| 150|0x0000000089600000, 0x0000000089600000, 0x0000000089700000|  0%| F|  |TAMS 0x0000000089600000, 0x0000000089600000| Untracked 
| 151|0x0000000089700000, 0x0000000089700000, 0x0000000089800000|  0%| F|  |TAMS 0x0000000089700000, 0x0000000089700000| Untracked 
| 152|0x0000000089800000, 0x0000000089800000, 0x0000000089900000|  0%| F|  |TAMS 0x0000000089800000, 0x0000000089800000| Untracked 
| 153|0x0000000089900000, 0x0000000089900000, 0x0000000089a00000|  0%| F|  |TAMS 0x0000000089900000, 0x0000000089900000| Untracked 
| 154|0x0000000089a00000, 0x0000000089a00000, 0x0000000089b00000|  0%| F|  |TAMS 0x0000000089a00000, 0x0000000089a00000| Untracked 
| 155|0x0000000089b00000, 0x0000000089b00000, 0x0000000089c00000|  0%| F|  |TAMS 0x0000000089b00000, 0x0000000089b00000| Untracked 
| 156|0x0000000089c00000, 0x0000000089c00000, 0x0000000089d00000|  0%| F|  |TAMS 0x0000000089c00000, 0x0000000089c00000| Untracked 
| 157|0x0000000089d00000, 0x0000000089d00000, 0x0000000089e00000|  0%| F|  |TAMS 0x0000000089d00000, 0x0000000089d00000| Untracked 
| 158|0x0000000089e00000, 0x0000000089e00000, 0x0000000089f00000|  0%| F|  |TAMS 0x0000000089e00000, 0x0000000089e00000| Untracked 
| 159|0x0000000089f00000, 0x0000000089f00000, 0x000000008a000000|  0%| F|  |TAMS 0x0000000089f00000, 0x0000000089f00000| Untracked 
| 160|0x000000008a000000, 0x000000008a000000, 0x000000008a100000|  0%| F|  |TAMS 0x000000008a000000, 0x000000008a000000| Untracked 
| 161|0x000000008a100000, 0x000000008a1bffa0, 0x000000008a200000| 74%| S|CS|TAMS 0x000000008a100000, 0x000000008a100000| Complete 
| 162|0x000000008a200000, 0x000000008a200000, 0x000000008a300000|  0%| F|  |TAMS 0x000000008a200000, 0x000000008a200000| Untracked 
| 163|0x000000008a300000, 0x000000008a400000, 0x000000008a400000|100%| S|CS|TAMS 0x000000008a300000, 0x000000008a300000| Complete 
| 164|0x000000008a400000, 0x000000008a400000, 0x000000008a500000|  0%| F|  |TAMS 0x000000008a400000, 0x000000008a400000| Untracked 
| 165|0x000000008a500000, 0x000000008a500000, 0x000000008a600000|  0%| F|  |TAMS 0x000000008a500000, 0x000000008a500000| Untracked 
| 166|0x000000008a600000, 0x000000008a700000, 0x000000008a700000|100%| S|CS|TAMS 0x000000008a600000, 0x000000008a600000| Complete 
| 167|0x000000008a700000, 0x000000008a800000, 0x000000008a800000|100%| S|CS|TAMS 0x000000008a700000, 0x000000008a700000| Complete 
| 168|0x000000008a800000, 0x000000008a900000, 0x000000008a900000|100%| S|CS|TAMS 0x000000008a800000, 0x000000008a800000| Complete 
| 169|0x000000008a900000, 0x000000008a900000, 0x000000008aa00000|  0%| F|  |TAMS 0x000000008a900000, 0x000000008a900000| Untracked 
| 170|0x000000008aa00000, 0x000000008aa00000, 0x000000008ab00000|  0%| F|  |TAMS 0x000000008aa00000, 0x000000008aa00000| Untracked 
| 171|0x000000008ab00000, 0x000000008ab00000, 0x000000008ac00000|  0%| F|  |TAMS 0x000000008ab00000, 0x000000008ab00000| Untracked 
| 172|0x000000008ac00000, 0x000000008ac00000, 0x000000008ad00000|  0%| F|  |TAMS 0x000000008ac00000, 0x000000008ac00000| Untracked 
| 173|0x000000008ad00000, 0x000000008ad00000, 0x000000008ae00000|  0%| F|  |TAMS 0x000000008ad00000, 0x000000008ad00000| Untracked 
| 174|0x000000008ae00000, 0x000000008ae00000, 0x000000008af00000|  0%| F|  |TAMS 0x000000008ae00000, 0x000000008ae00000| Untracked 
| 175|0x000000008af00000, 0x000000008af00000, 0x000000008b000000|  0%| F|  |TAMS 0x000000008af00000, 0x000000008af00000| Untracked 
| 176|0x000000008b000000, 0x000000008b000000, 0x000000008b100000|  0%| F|  |TAMS 0x000000008b000000, 0x000000008b000000| Untracked 
| 177|0x000000008b100000, 0x000000008b100000, 0x000000008b200000|  0%| F|  |TAMS 0x000000008b100000, 0x000000008b100000| Untracked 
| 178|0x000000008b200000, 0x000000008b200000, 0x000000008b300000|  0%| F|  |TAMS 0x000000008b200000, 0x000000008b200000| Untracked 
| 179|0x000000008b300000, 0x000000008b300000, 0x000000008b400000|  0%| F|  |TAMS 0x000000008b300000, 0x000000008b300000| Untracked 
| 180|0x000000008b400000, 0x000000008b400000, 0x000000008b500000|  0%| F|  |TAMS 0x000000008b400000, 0x000000008b400000| Untracked 
| 181|0x000000008b500000, 0x000000008b500000, 0x000000008b600000|  0%| F|  |TAMS 0x000000008b500000, 0x000000008b500000| Untracked 
| 182|0x000000008b600000, 0x000000008b600000, 0x000000008b700000|  0%| F|  |TAMS 0x000000008b600000, 0x000000008b600000| Untracked 
| 183|0x000000008b700000, 0x000000008b700000, 0x000000008b800000|  0%| F|  |TAMS 0x000000008b700000, 0x000000008b700000| Untracked 
| 184|0x000000008b800000, 0x000000008b800000, 0x000000008b900000|  0%| F|  |TAMS 0x000000008b800000, 0x000000008b800000| Untracked 
| 185|0x000000008b900000, 0x000000008b900000, 0x000000008ba00000|  0%| F|  |TAMS 0x000000008b900000, 0x000000008b900000| Untracked 
| 186|0x000000008ba00000, 0x000000008ba00000, 0x000000008bb00000|  0%| F|  |TAMS 0x000000008ba00000, 0x000000008ba00000| Untracked 
| 187|0x000000008bb00000, 0x000000008bb00000, 0x000000008bc00000|  0%| F|  |TAMS 0x000000008bb00000, 0x000000008bb00000| Untracked 
| 188|0x000000008bc00000, 0x000000008bc00000, 0x000000008bd00000|  0%| F|  |TAMS 0x000000008bc00000, 0x000000008bc00000| Untracked 
| 189|0x000000008bd00000, 0x000000008bd00000, 0x000000008be00000|  0%| F|  |TAMS 0x000000008bd00000, 0x000000008bd00000| Untracked 
| 190|0x000000008be00000, 0x000000008be00000, 0x000000008bf00000|  0%| F|  |TAMS 0x000000008be00000, 0x000000008be00000| Untracked 
| 191|0x000000008bf00000, 0x000000008bf00000, 0x000000008c000000|  0%| F|  |TAMS 0x000000008bf00000, 0x000000008bf00000| Untracked 
| 192|0x000000008c000000, 0x000000008c000000, 0x000000008c100000|  0%| F|  |TAMS 0x000000008c000000, 0x000000008c000000| Untracked 
| 193|0x000000008c100000, 0x000000008c100000, 0x000000008c200000|  0%| F|  |TAMS 0x000000008c100000, 0x000000008c100000| Untracked 
| 194|0x000000008c200000, 0x000000008c200000, 0x000000008c300000|  0%| F|  |TAMS 0x000000008c200000, 0x000000008c200000| Untracked 
| 195|0x000000008c300000, 0x000000008c300000, 0x000000008c400000|  0%| F|  |TAMS 0x000000008c300000, 0x000000008c300000| Untracked 
| 196|0x000000008c400000, 0x000000008c400000, 0x000000008c500000|  0%| F|  |TAMS 0x000000008c400000, 0x000000008c400000| Untracked 
| 197|0x000000008c500000, 0x000000008c500000, 0x000000008c600000|  0%| F|  |TAMS 0x000000008c500000, 0x000000008c500000| Untracked 
| 198|0x000000008c600000, 0x000000008c600000, 0x000000008c700000|  0%| F|  |TAMS 0x000000008c600000, 0x000000008c600000| Untracked 
| 199|0x000000008c700000, 0x000000008c700000, 0x000000008c800000|  0%| F|  |TAMS 0x000000008c700000, 0x000000008c700000| Untracked 
| 200|0x000000008c800000, 0x000000008c800000, 0x000000008c900000|  0%| F|  |TAMS 0x000000008c800000, 0x000000008c800000| Untracked 
| 201|0x000000008c900000, 0x000000008c900000, 0x000000008ca00000|  0%| F|  |TAMS 0x000000008c900000, 0x000000008c900000| Untracked 
| 202|0x000000008ca00000, 0x000000008ca00000, 0x000000008cb00000|  0%| F|  |TAMS 0x000000008ca00000, 0x000000008ca00000| Untracked 
| 203|0x000000008cb00000, 0x000000008cb00000, 0x000000008cc00000|  0%| F|  |TAMS 0x000000008cb00000, 0x000000008cb00000| Untracked 
| 204|0x000000008cc00000, 0x000000008cc00000, 0x000000008cd00000|  0%| F|  |TAMS 0x000000008cc00000, 0x000000008cc00000| Untracked 
| 205|0x000000008cd00000, 0x000000008cd00000, 0x000000008ce00000|  0%| F|  |TAMS 0x000000008cd00000, 0x000000008cd00000| Untracked 
| 206|0x000000008ce00000, 0x000000008ce00000, 0x000000008cf00000|  0%| F|  |TAMS 0x000000008ce00000, 0x000000008ce00000| Untracked 
| 207|0x000000008cf00000, 0x000000008cf00000, 0x000000008d000000|  0%| F|  |TAMS 0x000000008cf00000, 0x000000008cf00000| Untracked 
| 208|0x000000008d000000, 0x000000008d000000, 0x000000008d100000|  0%| F|  |TAMS 0x000000008d000000, 0x000000008d000000| Untracked 
| 209|0x000000008d100000, 0x000000008d100000, 0x000000008d200000|  0%| F|  |TAMS 0x000000008d100000, 0x000000008d100000| Untracked 
| 210|0x000000008d200000, 0x000000008d200000, 0x000000008d300000|  0%| F|  |TAMS 0x000000008d200000, 0x000000008d200000| Untracked 
| 211|0x000000008d300000, 0x000000008d300000, 0x000000008d400000|  0%| F|  |TAMS 0x000000008d300000, 0x000000008d300000| Untracked 
| 212|0x000000008d400000, 0x000000008d400000, 0x000000008d500000|  0%| F|  |TAMS 0x000000008d400000, 0x000000008d400000| Untracked 
| 213|0x000000008d500000, 0x000000008d500000, 0x000000008d600000|  0%| F|  |TAMS 0x000000008d500000, 0x000000008d500000| Untracked 
| 214|0x000000008d600000, 0x000000008d600000, 0x000000008d700000|  0%| F|  |TAMS 0x000000008d600000, 0x000000008d600000| Untracked 
| 215|0x000000008d700000, 0x000000008d700000, 0x000000008d800000|  0%| F|  |TAMS 0x000000008d700000, 0x000000008d700000| Untracked 
| 216|0x000000008d800000, 0x000000008d800000, 0x000000008d900000|  0%| F|  |TAMS 0x000000008d800000, 0x000000008d800000| Untracked 
| 217|0x000000008d900000, 0x000000008d900000, 0x000000008da00000|  0%| F|  |TAMS 0x000000008d900000, 0x000000008d900000| Untracked 
| 218|0x000000008da00000, 0x000000008da76f68, 0x000000008db00000| 46%| E|  |TAMS 0x000000008da00000, 0x000000008da00000| Complete 
| 219|0x000000008db00000, 0x000000008dc00000, 0x000000008dc00000|100%| E|CS|TAMS 0x000000008db00000, 0x000000008db00000| Complete 
| 220|0x000000008dc00000, 0x000000008dd00000, 0x000000008dd00000|100%| E|CS|TAMS 0x000000008dc00000, 0x000000008dc00000| Complete 
| 221|0x000000008dd00000, 0x000000008de00000, 0x000000008de00000|100%| E|CS|TAMS 0x000000008dd00000, 0x000000008dd00000| Complete 
| 222|0x000000008de00000, 0x000000008df00000, 0x000000008df00000|100%| E|CS|TAMS 0x000000008de00000, 0x000000008de00000| Complete 
| 223|0x000000008df00000, 0x000000008e000000, 0x000000008e000000|100%| E|CS|TAMS 0x000000008df00000, 0x000000008df00000| Complete 
| 224|0x000000008e000000, 0x000000008e100000, 0x000000008e100000|100%| E|CS|TAMS 0x000000008e000000, 0x000000008e000000| Complete 
| 225|0x000000008e100000, 0x000000008e200000, 0x000000008e200000|100%| E|CS|TAMS 0x000000008e100000, 0x000000008e100000| Complete 
| 226|0x000000008e200000, 0x000000008e300000, 0x000000008e300000|100%| E|CS|TAMS 0x000000008e200000, 0x000000008e200000| Complete 
| 227|0x000000008e300000, 0x000000008e400000, 0x000000008e400000|100%| E|CS|TAMS 0x000000008e300000, 0x000000008e300000| Complete 
| 228|0x000000008e400000, 0x000000008e500000, 0x000000008e500000|100%| E|CS|TAMS 0x000000008e400000, 0x000000008e400000| Complete 
| 229|0x000000008e500000, 0x000000008e600000, 0x000000008e600000|100%| E|CS|TAMS 0x000000008e500000, 0x000000008e500000| Complete 
| 230|0x000000008e600000, 0x000000008e700000, 0x000000008e700000|100%| E|CS|TAMS 0x000000008e600000, 0x000000008e600000| Complete 
| 231|0x000000008e700000, 0x000000008e800000, 0x000000008e800000|100%| E|CS|TAMS 0x000000008e700000, 0x000000008e700000| Complete 
| 232|0x000000008e800000, 0x000000008e900000, 0x000000008e900000|100%| E|CS|TAMS 0x000000008e800000, 0x000000008e800000| Complete 
| 233|0x000000008e900000, 0x000000008ea00000, 0x000000008ea00000|100%| E|CS|TAMS 0x000000008e900000, 0x000000008e900000| Complete 
| 234|0x000000008ea00000, 0x000000008eb00000, 0x000000008eb00000|100%| E|CS|TAMS 0x000000008ea00000, 0x000000008ea00000| Complete 
| 235|0x000000008eb00000, 0x000000008ec00000, 0x000000008ec00000|100%| E|CS|TAMS 0x000000008eb00000, 0x000000008eb00000| Complete 
| 236|0x000000008ec00000, 0x000000008ed00000, 0x000000008ed00000|100%| E|CS|TAMS 0x000000008ec00000, 0x000000008ec00000| Complete 
| 237|0x000000008ed00000, 0x000000008ee00000, 0x000000008ee00000|100%| E|CS|TAMS 0x000000008ed00000, 0x000000008ed00000| Complete 
| 238|0x000000008ee00000, 0x000000008ef00000, 0x000000008ef00000|100%| E|CS|TAMS 0x000000008ee00000, 0x000000008ee00000| Complete 
| 239|0x000000008ef00000, 0x000000008f000000, 0x000000008f000000|100%| E|CS|TAMS 0x000000008ef00000, 0x000000008ef00000| Complete 
| 240|0x000000008f000000, 0x000000008f100000, 0x000000008f100000|100%| E|CS|TAMS 0x000000008f000000, 0x000000008f000000| Complete 
| 241|0x000000008f100000, 0x000000008f200000, 0x000000008f200000|100%| E|CS|TAMS 0x000000008f100000, 0x000000008f100000| Complete 
| 242|0x000000008f200000, 0x000000008f300000, 0x000000008f300000|100%| E|CS|TAMS 0x000000008f200000, 0x000000008f200000| Complete 
| 243|0x000000008f300000, 0x000000008f400000, 0x000000008f400000|100%| E|CS|TAMS 0x000000008f300000, 0x000000008f300000| Complete 
| 244|0x000000008f400000, 0x000000008f500000, 0x000000008f500000|100%| E|CS|TAMS 0x000000008f400000, 0x000000008f400000| Complete 
| 245|0x000000008f500000, 0x000000008f600000, 0x000000008f600000|100%| E|CS|TAMS 0x000000008f500000, 0x000000008f500000| Complete 
| 246|0x000000008f600000, 0x000000008f700000, 0x000000008f700000|100%| E|CS|TAMS 0x000000008f600000, 0x000000008f600000| Complete 
| 247|0x000000008f700000, 0x000000008f800000, 0x000000008f800000|100%| E|CS|TAMS 0x000000008f700000, 0x000000008f700000| Complete 
| 248|0x000000008f800000, 0x000000008f900000, 0x000000008f900000|100%| E|CS|TAMS 0x000000008f800000, 0x000000008f800000| Complete 
| 249|0x000000008f900000, 0x000000008fa00000, 0x000000008fa00000|100%| E|CS|TAMS 0x000000008f900000, 0x000000008f900000| Complete 
| 250|0x000000008fa00000, 0x000000008fb00000, 0x000000008fb00000|100%| E|CS|TAMS 0x000000008fa00000, 0x000000008fa00000| Complete 
| 251|0x000000008fb00000, 0x000000008fc00000, 0x000000008fc00000|100%| E|CS|TAMS 0x000000008fb00000, 0x000000008fb00000| Complete 
| 252|0x000000008fc00000, 0x000000008fd00000, 0x000000008fd00000|100%| E|CS|TAMS 0x000000008fc00000, 0x000000008fc00000| Complete 
| 253|0x000000008fd00000, 0x000000008fe00000, 0x000000008fe00000|100%| E|CS|TAMS 0x000000008fd00000, 0x000000008fd00000| Complete 
| 254|0x000000008fe00000, 0x000000008ff00000, 0x000000008ff00000|100%| E|CS|TAMS 0x000000008fe00000, 0x000000008fe00000| Complete 
| 255|0x000000008ff00000, 0x0000000090000000, 0x0000000090000000|100%| E|CS|TAMS 0x000000008ff00000, 0x000000008ff00000| Complete 
| 256|0x0000000090000000, 0x0000000090100000, 0x0000000090100000|100%| E|CS|TAMS 0x0000000090000000, 0x0000000090000000| Complete 
| 257|0x0000000090100000, 0x0000000090200000, 0x0000000090200000|100%| E|CS|TAMS 0x0000000090100000, 0x0000000090100000| Complete 
| 258|0x0000000090200000, 0x0000000090300000, 0x0000000090300000|100%| E|CS|TAMS 0x0000000090200000, 0x0000000090200000| Complete 
| 259|0x0000000090300000, 0x0000000090400000, 0x0000000090400000|100%| E|CS|TAMS 0x0000000090300000, 0x0000000090300000| Complete 
| 260|0x0000000090400000, 0x0000000090500000, 0x0000000090500000|100%| E|CS|TAMS 0x0000000090400000, 0x0000000090400000| Complete 
| 261|0x0000000090500000, 0x0000000090600000, 0x0000000090600000|100%| E|CS|TAMS 0x0000000090500000, 0x0000000090500000| Complete 
| 262|0x0000000090600000, 0x0000000090700000, 0x0000000090700000|100%| E|CS|TAMS 0x0000000090600000, 0x0000000090600000| Complete 
| 263|0x0000000090700000, 0x0000000090800000, 0x0000000090800000|100%| E|CS|TAMS 0x0000000090700000, 0x0000000090700000| Complete 
| 264|0x0000000090800000, 0x0000000090900000, 0x0000000090900000|100%| E|CS|TAMS 0x0000000090800000, 0x0000000090800000| Complete 
| 265|0x0000000090900000, 0x0000000090a00000, 0x0000000090a00000|100%| E|CS|TAMS 0x0000000090900000, 0x0000000090900000| Complete 
| 266|0x0000000090a00000, 0x0000000090b00000, 0x0000000090b00000|100%| E|CS|TAMS 0x0000000090a00000, 0x0000000090a00000| Complete 
| 267|0x0000000090b00000, 0x0000000090c00000, 0x0000000090c00000|100%| O|  |TAMS 0x0000000090c00000, 0x0000000090b00000| Untracked 
| 268|0x0000000090c00000, 0x0000000090d00000, 0x0000000090d00000|100%| E|CS|TAMS 0x0000000090c00000, 0x0000000090c00000| Complete 

Card table byte_map: [0x00000207fe190000,0x00000207fe590000] _byte_map_base: 0x00000207fdd90000

Marking Bits (Prev, Next): (CMBitMap*) 0x00000207f850ae88, (CMBitMap*) 0x00000207f850aec0
 Prev Bits: [0x000002078f000000, 0x0000020791000000)
 Next Bits: [0x0000020791000000, 0x0000020793000000)

Polling page: 0x00000207f8340000

Metaspace:

Usage:
  Non-class:    102.15 MB capacity,   100.33 MB ( 98%) used,     1.47 MB (  1%) free+waste,   362.56 KB ( <1%) overhead. 
      Class:     15.29 MB capacity,    14.22 MB ( 93%) used,   939.68 KB (  6%) free+waste,   157.44 KB (  1%) overhead. 
       Both:    117.44 MB capacity,   114.55 MB ( 98%) used,     2.38 MB (  2%) free+waste,   520.00 KB ( <1%) overhead. 

Virtual space:
  Non-class space:      104.00 MB reserved,     102.20 MB ( 98%) committed 
      Class space:        1.00 GB reserved,      15.38 MB (  2%) committed 
             Both:        1.10 GB reserved,     117.57 MB ( 10%) committed 

Chunk freelists:
   Non-Class:  0 bytes
       Class:  21.00 KB
        Both:  21.00 KB

MaxMetaspaceSize: 17179869184.00 GB
CompressedClassSpaceSize: 1.00 GB

CodeHeap 'non-profiled nmethods': size=120064Kb used=13403Kb max_used=13403Kb free=106660Kb
 bounds [0x0000020787ac0000, 0x0000020788800000, 0x000002078f000000]
CodeHeap 'profiled nmethods': size=120000Kb used=41505Kb max_used=41505Kb free=78494Kb
 bounds [0x0000020780590000, 0x0000020782e50000, 0x0000020787ac0000]
CodeHeap 'non-nmethods': size=5696Kb used=2343Kb max_used=2429Kb free=3353Kb
 bounds [0x0000020780000000, 0x0000020780280000, 0x0000020780590000]
 total_blobs=19382 nmethods=18414 adapters=877
 compilation: enabled
              stopped_count=0, restarted_count=0
 full_count=0

Compilation events (20 events):
Event: 67.679 Thread 0x00000207ff909800 20141 %     3       com.android.tools.r8.internal.X4::a @ 227 (268 bytes)
Event: 67.681 Thread 0x00000207ff909800 nmethod 20141% 0x0000020781e98a90 code [0x0000020781e98e80, 0x0000020781e9abf8]
Event: 67.718 Thread 0x00000207ff909800 20142       1       com.android.tools.r8.internal.H3::a (5 bytes)
Event: 67.719 Thread 0x00000207ff909800 nmethod 20142 0x0000020787f63790 code [0x0000020787f63940, 0x0000020787f639f8]
Event: 67.746 Thread 0x00000207ff909800 20143       3       com.android.tools.r8.internal.X4::a (268 bytes)
Event: 67.747 Thread 0x00000207ff909800 nmethod 20143 0x0000020782e34a90 code [0x0000020782e34e80, 0x0000020782e36a98]
Event: 67.750 Thread 0x00000207ff909800 20144       2       com.android.tools.r8.ir.regalloc.e$$Lambda$1493/0x0000000100f0f440::apply (8 bytes)
Event: 67.750 Thread 0x00000207ff909800 nmethod 20144 0x0000020781751210 code [0x0000020781751400, 0x0000020781751688]
Event: 67.750 Thread 0x00000207ff909800 20145       2       com.android.tools.r8.ir.regalloc.e::b (8 bytes)
Event: 67.750 Thread 0x00000207ff909800 nmethod 20145 0x000002078174f090 code [0x000002078174f280, 0x000002078174f4c8]
Event: 68.014 Thread 0x00000207ff909800 20149       2       com.android.tools.r8.internal.ka::b (66 bytes)
Event: 68.014 Thread 0x00000207ff909800 nmethod 20149 0x0000020781750990 code [0x0000020781750bc0, 0x0000020781750f78]
Event: 68.018 Thread 0x00000207ff909800 20150       2       com.android.tools.r8.references.ArrayReference::<init> (41 bytes)
Event: 68.018 Thread 0x00000207ff909800 nmethod 20150 0x0000020781756f90 code [0x0000020781757140, 0x00000207817572d8]
Event: 68.020 Thread 0x00000207ff909800 20151 %     3       com.android.tools.r8.ir.conversion.k::a @ 302 (388 bytes)
Event: 68.023 Thread 0x00000207ff909800 nmethod 20151% 0x0000020782e37390 code [0x0000020782e379c0, 0x0000020782e3b198]
Event: 68.024 Thread 0x00000207ff909800 20152       3       com.android.tools.r8.ir.conversion.k::a (388 bytes)
Event: 68.027 Thread 0x00000207ff909800 nmethod 20152 0x0000020782e3c310 code [0x0000020782e3c940, 0x0000020782e3ff08]
Event: 68.030 Thread 0x00000207ff909800 20153       2       com.android.tools.r8.references.ArrayReference::a (75 bytes)
Event: 68.031 Thread 0x00000207ff909800 nmethod 20153 0x0000020781755f10 code [0x00000207817561a0, 0x0000020781756a38]

GC Heap History (20 events):
Event: 64.160 GC heap before
{Heap before GC invocations=43 (full 0):
 garbage-first heap   total 275456K, used 233955K [0x0000000080000000, 0x0000000100000000)
  region size 1024K, 98 young (100352K), 2 survivors (2048K)
 Metaspace       used 117040K, capacity 120017K, committed 120140K, reserved 1153024K
  class space    used 14556K, capacity 15653K, committed 15744K, reserved 1048576K
}
Event: 64.164 GC heap after
{Heap after GC invocations=44 (full 0):
 garbage-first heap   total 275456K, used 136712K [0x0000000080000000, 0x0000000100000000)
  region size 1024K, 3 young (3072K), 3 survivors (3072K)
 Metaspace       used 117040K, capacity 120017K, committed 120140K, reserved 1153024K
  class space    used 14556K, capacity 15653K, committed 15744K, reserved 1048576K
}
Event: 64.222 GC heap before
{Heap before GC invocations=44 (full 0):
 garbage-first heap   total 275456K, used 146952K [0x0000000080000000, 0x0000000100000000)
  region size 1024K, 13 young (13312K), 3 survivors (3072K)
 Metaspace       used 117041K, capacity 120017K, committed 120140K, reserved 1153024K
  class space    used 14556K, capacity 15653K, committed 15744K, reserved 1048576K
}
Event: 64.226 GC heap after
{Heap after GC invocations=45 (full 0):
 garbage-first heap   total 275456K, used 134700K [0x0000000080000000, 0x0000000100000000)
  region size 1024K, 1 young (1024K), 1 survivors (1024K)
 Metaspace       used 117041K, capacity 120017K, committed 120140K, reserved 1153024K
  class space    used 14556K, capacity 15653K, committed 15744K, reserved 1048576K
}
Event: 64.746 GC heap before
{Heap before GC invocations=45 (full 0):
 garbage-first heap   total 275456K, used 234028K [0x0000000080000000, 0x0000000100000000)
  region size 1024K, 98 young (100352K), 1 survivors (1024K)
 Metaspace       used 117067K, capacity 120081K, committed 120396K, reserved 1155072K
  class space    used 14558K, capacity 15653K, committed 15744K, reserved 1048576K
}
Event: 64.749 GC heap after
{Heap after GC invocations=46 (full 0):
 garbage-first heap   total 275456K, used 135356K [0x0000000080000000, 0x0000000100000000)
  region size 1024K, 1 young (1024K), 1 survivors (1024K)
 Metaspace       used 117067K, capacity 120081K, committed 120396K, reserved 1155072K
  class space    used 14558K, capacity 15653K, committed 15744K, reserved 1048576K
}
Event: 65.289 GC heap before
{Heap before GC invocations=46 (full 0):
 garbage-first heap   total 275456K, used 236732K [0x0000000080000000, 0x0000000100000000)
  region size 1024K, 100 young (102400K), 1 survivors (1024K)
 Metaspace       used 117073K, capacity 120081K, committed 120396K, reserved 1155072K
  class space    used 14558K, capacity 15653K, committed 15744K, reserved 1048576K
}
Event: 65.292 GC heap after
{Heap after GC invocations=47 (full 0):
 garbage-first heap   total 275456K, used 135739K [0x0000000080000000, 0x0000000100000000)
  region size 1024K, 2 young (2048K), 2 survivors (2048K)
 Metaspace       used 117073K, capacity 120081K, committed 120396K, reserved 1155072K
  class space    used 14558K, capacity 15653K, committed 15744K, reserved 1048576K
}
Event: 65.717 GC heap before
{Heap before GC invocations=47 (full 0):
 garbage-first heap   total 275456K, used 237115K [0x0000000080000000, 0x0000000100000000)
  region size 1024K, 101 young (103424K), 2 survivors (2048K)
 Metaspace       used 117084K, capacity 120081K, committed 120396K, reserved 1155072K
  class space    used 14558K, capacity 15653K, committed 15744K, reserved 1048576K
}
Event: 65.721 GC heap after
{Heap after GC invocations=48 (full 0):
 garbage-first heap   total 275456K, used 136568K [0x0000000080000000, 0x0000000100000000)
  region size 1024K, 3 young (3072K), 3 survivors (3072K)
 Metaspace       used 117084K, capacity 120081K, committed 120396K, reserved 1155072K
  class space    used 14558K, capacity 15653K, committed 15744K, reserved 1048576K
}
Event: 66.098 GC heap before
{Heap before GC invocations=48 (full 0):
 garbage-first heap   total 275456K, used 237944K [0x0000000080000000, 0x0000000100000000)
  region size 1024K, 102 young (104448K), 3 survivors (3072K)
 Metaspace       used 117097K, capacity 120085K, committed 120396K, reserved 1155072K
  class space    used 14559K, capacity 15654K, committed 15744K, reserved 1048576K
}
Event: 66.102 GC heap after
{Heap after GC invocations=49 (full 0):
 garbage-first heap   total 275456K, used 136754K [0x0000000080000000, 0x0000000100000000)
  region size 1024K, 3 young (3072K), 3 survivors (3072K)
 Metaspace       used 117097K, capacity 120085K, committed 120396K, reserved 1155072K
  class space    used 14559K, capacity 15654K, committed 15744K, reserved 1048576K
}
Event: 66.485 GC heap before
{Heap before GC invocations=49 (full 0):
 garbage-first heap   total 275456K, used 239154K [0x0000000080000000, 0x0000000100000000)
  region size 1024K, 103 young (105472K), 3 survivors (3072K)
 Metaspace       used 117106K, capacity 120085K, committed 120396K, reserved 1155072K
  class space    used 14559K, capacity 15654K, committed 15744K, reserved 1048576K
}
Event: 66.489 GC heap after
{Heap after GC invocations=50 (full 0):
 garbage-first heap   total 275456K, used 137129K [0x0000000080000000, 0x0000000100000000)
  region size 1024K, 3 young (3072K), 3 survivors (3072K)
 Metaspace       used 117106K, capacity 120085K, committed 120396K, reserved 1155072K
  class space    used 14559K, capacity 15654K, committed 15744K, reserved 1048576K
}
Event: 66.882 GC heap before
{Heap before GC invocations=50 (full 0):
 garbage-first heap   total 275456K, used 239529K [0x0000000080000000, 0x0000000100000000)
  region size 1024K, 103 young (105472K), 3 survivors (3072K)
 Metaspace       used 117130K, capacity 120093K, committed 120396K, reserved 1155072K
  class space    used 14560K, capacity 15657K, committed 15744K, reserved 1048576K
}
Event: 66.886 GC heap after
{Heap after GC invocations=51 (full 0):
 garbage-first heap   total 275456K, used 137783K [0x0000000080000000, 0x0000000100000000)
  region size 1024K, 4 young (4096K), 4 survivors (4096K)
 Metaspace       used 117130K, capacity 120093K, committed 120396K, reserved 1155072K
  class space    used 14560K, capacity 15657K, committed 15744K, reserved 1048576K
}
Event: 67.312 GC heap before
{Heap before GC invocations=51 (full 0):
 garbage-first heap   total 275456K, used 241207K [0x0000000080000000, 0x0000000100000000)
  region size 1024K, 104 young (106496K), 4 survivors (4096K)
 Metaspace       used 117263K, capacity 120251K, committed 120396K, reserved 1155072K
  class space    used 14561K, capacity 15659K, committed 15744K, reserved 1048576K
}
Event: 67.318 GC heap after
{Heap after GC invocations=52 (full 0):
 garbage-first heap   total 275456K, used 139897K [0x0000000080000000, 0x0000000100000000)
  region size 1024K, 5 young (5120K), 5 survivors (5120K)
 Metaspace       used 117263K, capacity 120251K, committed 120396K, reserved 1155072K
  class space    used 14561K, capacity 15659K, committed 15744K, reserved 1048576K
}
Event: 67.970 GC heap before
{Heap before GC invocations=52 (full 0):
 garbage-first heap   total 275456K, used 241273K [0x0000000080000000, 0x0000000100000000)
  region size 1024K, 104 young (106496K), 5 survivors (5120K)
 Metaspace       used 117298K, capacity 120261K, committed 120396K, reserved 1155072K
  class space    used 14561K, capacity 15659K, committed 15744K, reserved 1048576K
}
Event: 67.976 GC heap after
{Heap after GC invocations=53 (full 0):
 garbage-first heap   total 275456K, used 139206K [0x0000000080000000, 0x0000000100000000)
  region size 1024K, 5 young (5120K), 5 survivors (5120K)
 Metaspace       used 117298K, capacity 120261K, committed 120396K, reserved 1155072K
  class space    used 14561K, capacity 15659K, committed 15744K, reserved 1048576K
}

Deoptimization events (20 events):
Event: 67.483 Thread 0x0000020797608800 DEOPT PACKING pc=0x0000020782ad119b sp=0x000000ceeddf8d60
Event: 67.483 Thread 0x0000020797608800 DEOPT UNPACKING pc=0x000002078002764e sp=0x000000ceeddf8600 mode 0
Event: 67.502 Thread 0x000002079760a000 DEOPT PACKING pc=0x0000020782e2e8ca sp=0x000000ceedbf8d00
Event: 67.502 Thread 0x000002079760a000 DEOPT UNPACKING pc=0x000002078002764e sp=0x000000ceedbf84c8 mode 0
Event: 67.503 Thread 0x000002079760a000 Uncommon trap: trap_request=0xffffff4d fr.pc=0x00000207887cd254 relative=0x0000000000006374
Event: 67.503 Thread 0x000002079760a000 Uncommon trap: reason=unstable_if action=reinterpret pc=0x00000207887cd254 method=com.android.tools.r8.ir.regalloc.a.a(Lcom/android/tools/r8/ir/regalloc/a$a;Z)Lcom/android/tools/r8/ir/regalloc/a$a; @ 2285 c2
Event: 67.503 Thread 0x000002079760a000 DEOPT PACKING pc=0x00000207887cd254 sp=0x000000ceedbf8fb0
Event: 67.505 Thread 0x000002079760a000 DEOPT UNPACKING pc=0x000002078002782f sp=0x000000ceedbf8fd0 mode 2
Event: 67.620 Thread 0x000002079760a000 DEOPT PACKING pc=0x0000020782e2e8ca sp=0x000000ceedbf8d00
Event: 67.620 Thread 0x000002079760a000 DEOPT UNPACKING pc=0x000002078002764e sp=0x000000ceedbf84c8 mode 0
Event: 67.659 Thread 0x000002079760b800 Uncommon trap: trap_request=0xffffff76 fr.pc=0x00000207887f5f3c relative=0x0000000000006a9c
Event: 67.659 Thread 0x000002079760b800 Uncommon trap: reason=loop_limit_check action=maybe_recompile pc=0x00000207887f5f3c method=com.android.tools.r8.internal.g9.b(Lcom/android/tools/r8/internal/vh;Lcom/android/tools/r8/internal/vh;)Z @ 65 c2
Event: 67.659 Thread 0x000002079760b800 DEOPT PACKING pc=0x00000207887f5f3c sp=0x000000ceedcf90c0
Event: 67.659 Thread 0x000002079760b800 DEOPT UNPACKING pc=0x000002078002782f sp=0x000000ceedcf9018 mode 2
Event: 67.661 Thread 0x000002079760b800 DEOPT PACKING pc=0x0000020782ad119b sp=0x000000ceedcf9270
Event: 67.661 Thread 0x000002079760b800 DEOPT UNPACKING pc=0x000002078002764e sp=0x000000ceedcf8b10 mode 0
Event: 68.024 Thread 0x0000020797608800 DEOPT PACKING pc=0x0000020782d2385e sp=0x000000ceeddf8f10
Event: 68.024 Thread 0x0000020797608800 DEOPT UNPACKING pc=0x000002078002764e sp=0x000000ceeddf84c8 mode 0
Event: 68.201 Thread 0x000002079760a000 DEOPT PACKING pc=0x0000020782e2e8ca sp=0x000000ceedbf8d00
Event: 68.201 Thread 0x000002079760a000 DEOPT UNPACKING pc=0x000002078002764e sp=0x000000ceedbf84c8 mode 0

Classes redefined (0 events):
No events

Internal exceptions (20 events):
Event: 58.544 Thread 0x000002079760a000 Exception <a 'java/lang/NoSuchMethodError'{0x000000009098f510}: 'java.lang.Object java.lang.invoke.DirectMethodHandle$Holder.invokeVirtual(java.lang.Object, java.lang.Object, int, java.lang.Object)'> (0x000000009098f510) thrown at [./src/hotspot/share/interpreter/linkResolver.cpp, line 773]
Event: 58.545 Thread 0x0000020797608800 Exception <a 'java/lang/NoSuchMethodError'{0x00000000908012f0}: 'java.lang.Object java.lang.invoke.DirectMethodHandle$Holder.invokeVirtual(java.lang.Object, java.lang.Object, int, java.lang.Object)'> (0x00000000908012f0) thrown at [./src/hotspot/share/interpreter/linkResolver.cpp, line 773]
Event: 58.562 Thread 0x0000020797601800 Exception <a 'java/lang/IncompatibleClassChangeError'{0x000000009038ae28}: Found class java.lang.Object, but interface was expected> (0x000000009038ae28) thrown at [./src/hotspot/share/interpreter/linkResolver.cpp, line 839]
Event: 58.565 Thread 0x0000020797601800 Exception <a 'java/lang/IncompatibleClassChangeError'{0x0000000090206f60}: Found class java.lang.Object, but interface was expected> (0x0000000090206f60) thrown at [./src/hotspot/share/interpreter/linkResolver.cpp, line 839]
Event: 58.584 Thread 0x000002079760a000 Exception <a 'java/lang/NoSuchMethodError'{0x00000000900ba100}: 'void java.lang.invoke.DirectMethodHandle$Holder.invokeVirtual(java.lang.Object, java.lang.Object, int, java.lang.Object)'> (0x00000000900ba100) thrown at [./src/hotspot/share/interpreter/linkResolver.cpp, line 773]
Event: 58.586 Thread 0x0000020797608800 Exception <a 'java/lang/NoSuchMethodError'{0x0000000090826d30}: 'void java.lang.invoke.DirectMethodHandle$Holder.invokeVirtual(java.lang.Object, java.lang.Object, int, java.lang.Object)'> (0x0000000090826d30) thrown at [./src/hotspot/share/interpreter/linkResolver.cpp, line 773]
Event: 58.669 Thread 0x0000020797601800 Exception <a 'java/lang/NoSuchMethodError'{0x000000008f20d4b0}: 'java.lang.Object java.lang.invoke.DirectMethodHandle$Holder.newInvokeSpecial(java.lang.Object, int)'> (0x000000008f20d4b0) thrown at [./src/hotspot/share/interpreter/linkResolver.cpp, line 773]
Event: 58.872 Thread 0x000002079760a000 Exception <a 'java/lang/NoSuchMethodError'{0x000000008e4e8b60}: 'java.lang.Object java.lang.invoke.DirectMethodHandle$Holder.invokeInterface(java.lang.Object, java.lang.Object, int)'> (0x000000008e4e8b60) thrown at [./src/hotspot/share/interpreter/linkResolver.cpp, line 773]
Event: 59.547 Thread 0x000002079760a000 Implicit null exception at 0x0000020787c7f3a0 to 0x0000020787c807c4
Event: 60.037 Thread 0x000002079760a000 Exception <a 'java/lang/NoSuchMethodError'{0x000000008ed0a8c0}: 'int java.lang.invoke.DirectMethodHandle$Holder.invokeInterface(java.lang.Object, java.lang.Object, int)'> (0x000000008ed0a8c0) thrown at [./src/hotspot/share/interpreter/linkResolver.cpp, line 773]
Event: 60.869 Thread 0x0000020797601800 Exception <a 'java/lang/NoSuchMethodError'{0x000000008d3ae6f8}: 'void java.lang.invoke.DirectMethodHandle$Holder.invokeSpecial(java.lang.Object, java.lang.Object, int, java.lang.Object, java.lang.Object, java.lang.Object, java.lang.Object)'> (0x000000008d3ae6f8) thrown at [./src/hotspot/share/interpreter/linkResolver.cpp, line 773]
Event: 60.869 Thread 0x0000020797601800 Exception <a 'java/lang/NoSuchMethodError'{0x000000008d3ba2f8}: 'java.lang.Object java.lang.invoke.Invokers$Holder.linkToTargetMethod(java.lang.Object, int, java.lang.Object, java.lang.Object, java.lang.Object, java.lang.Object)'> (0x000000008d3ba2f8) thrown at [./src/hotspot/share/interpreter/linkResolver.cpp, line 773]
Event: 60.870 Thread 0x0000020797601800 Exception <a 'java/lang/NoSuchMethodError'{0x000000008d3be7a8}: 'void java.lang.invoke.DirectMethodHandle$Holder.invokeSpecial(java.lang.Object, java.lang.Object, java.lang.Object, java.lang.Object, java.lang.Object, java.lang.Object, java.lang.Object, java.lang.Object, java.lang.Object)'> (0x000000008d3be7a8) thrown at [./src/hotspot/share/interpreter/linkResolver.cpp, line 773]
Event: 60.872 Thread 0x0000020797601800 Exception <a 'java/lang/NoSuchMethodError'{0x000000008d295168}: 'void java.lang.invoke.DirectMethodHandle$Holder.invokeStatic(java.lang.Object, java.lang.Object, java.lang.Object, java.lang.Object, java.lang.Object, java.lang.Object, java.lang.Object, java.lang.Object)'> (0x000000008d295168) thrown at [./src/hotspot/share/interpreter/linkResolver.cpp, line 773]
Event: 60.973 Thread 0x0000020797601800 Exception <a 'java/lang/IncompatibleClassChangeError'{0x000000008ba15640}: Found class java.lang.Object, but interface was expected> (0x000000008ba15640) thrown at [./src/hotspot/share/interpreter/linkResolver.cpp, line 839]
Event: 61.150 Thread 0x0000020797601800 Exception <a 'java/lang/NoSuchMethodError'{0x000000008f429db0}: 'void java.lang.invoke.DirectMethodHandle$Holder.invokeVirtual(java.lang.Object, java.lang.Object, int)'> (0x000000008f429db0) thrown at [./src/hotspot/share/interpreter/linkResolver.cpp, line 773]
Event: 61.225 Thread 0x0000020797601800 Exception <a 'sun/nio/fs/WindowsException'{0x000000008e491f08}> (0x000000008e491f08) thrown at [./src/hotspot/share/prims/jni.cpp, line 615]
Event: 61.833 Thread 0x0000020797601800 Exception <a 'sun/nio/fs/WindowsException'{0x000000008c19f8e8}> (0x000000008c19f8e8) thrown at [./src/hotspot/share/prims/jni.cpp, line 615]
Event: 67.377 Thread 0x0000020797601800 Exception <a 'sun/nio/fs/WindowsException'{0x000000008ffa8470}> (0x000000008ffa8470) thrown at [./src/hotspot/share/prims/jni.cpp, line 615]
Event: 67.412 Thread 0x0000020797601800 Exception <a 'sun/nio/fs/WindowsException'{0x000000008f4274f0}> (0x000000008f4274f0) thrown at [./src/hotspot/share/prims/jni.cpp, line 615]

Events (20 events):
Event: 66.842 loading class com/android/tools/r8/code/F0
Event: 66.842 loading class com/android/tools/r8/code/F0 done
Event: 66.881 Executing VM operation: G1CollectForAllocation
Event: 66.886 Executing VM operation: G1CollectForAllocation done
Event: 67.070 loading class com/android/tools/r8/graph/j0$h
Event: 67.070 loading class com/android/tools/r8/graph/j0$h done
Event: 67.070 loading class com/android/tools/r8/graph/j0$h
Event: 67.070 loading class com/android/tools/r8/graph/j0$h done
Event: 67.070 loading class com/android/tools/r8/graph/o0
Event: 67.070 loading class com/android/tools/r8/graph/o0 done
Event: 67.072 loading class com/android/tools/r8/graph/j0$g
Event: 67.072 loading class com/android/tools/r8/graph/j0$g done
Event: 67.072 loading class com/android/tools/r8/graph/j0$g
Event: 67.072 loading class com/android/tools/r8/graph/j0$g done
Event: 67.072 loading class com/android/tools/r8/graph/o0
Event: 67.072 loading class com/android/tools/r8/graph/o0 done
Event: 67.309 Executing VM operation: G1CollectForAllocation
Event: 67.318 Executing VM operation: G1CollectForAllocation done
Event: 67.951 Executing VM operation: G1CollectForAllocation
Event: 67.976 Executing VM operation: G1CollectForAllocation done


Dynamic libraries:
0x00007ff66dde0000 - 0x00007ff66ddea000 	C:\Program Files\Android\Android Studio\jre\bin\java.exe
0x00007ff99a850000 - 0x00007ff99aa47000 	C:\Windows\SYSTEM32\ntdll.dll
0x00007ff999ab0000 - 0x00007ff999b6d000 	C:\Windows\System32\KERNEL32.DLL
0x00007ff997fc0000 - 0x00007ff99828d000 	C:\Windows\System32\KERNELBASE.dll
0x00007ff998460000 - 0x00007ff998560000 	C:\Windows\System32\ucrtbase.dll
0x00007ff97f2b0000 - 0x00007ff97f2c9000 	C:\Program Files\Android\Android Studio\jre\bin\jli.dll
0x00007ff97eec0000 - 0x00007ff97eed7000 	C:\Program Files\Android\Android Studio\jre\bin\VCRUNTIME140.dll
0x00007ff999660000 - 0x00007ff999800000 	C:\Windows\System32\USER32.dll
0x00007ff998430000 - 0x00007ff998452000 	C:\Windows\System32\win32u.dll
0x00007ff998c30000 - 0x00007ff998c5a000 	C:\Windows\System32\GDI32.dll
0x00007ff9986c0000 - 0x00007ff9987cb000 	C:\Windows\System32\gdi32full.dll
0x00007ff998320000 - 0x00007ff9983bd000 	C:\Windows\System32\msvcp_win.dll
0x00007ff997380000 - 0x00007ff99761a000 	C:\Windows\WinSxS\amd64_microsoft.windows.common-controls_6595b64144ccf1df_6.0.19041.1110_none_60b5254171f9507e\COMCTL32.dll
0x00007ff998a30000 - 0x00007ff998ace000 	C:\Windows\System32\msvcrt.dll
0x00007ff99a7e0000 - 0x00007ff99a810000 	C:\Windows\System32\IMM32.DLL
0x00007ff978b20000 - 0x00007ff978bbd000 	C:\Program Files\Android\Android Studio\jre\bin\msvcp140.dll
0x00007ff949e10000 - 0x00007ff94a8df000 	C:\Program Files\Android\Android Studio\jre\bin\server\jvm.dll
0x00007ff998e60000 - 0x00007ff998f0e000 	C:\Windows\System32\ADVAPI32.dll
0x00007ff9988b0000 - 0x00007ff99894c000 	C:\Windows\System32\sechost.dll
0x00007ff999800000 - 0x00007ff999925000 	C:\Windows\System32\RPCRT4.dll
0x00007ff99a470000 - 0x00007ff99a478000 	C:\Windows\System32\PSAPI.DLL
0x00007ff995050000 - 0x00007ff995059000 	C:\Windows\SYSTEM32\WSOCK32.dll
0x00007ff998df0000 - 0x00007ff998e5b000 	C:\Windows\System32\WS2_32.dll
0x00007ff98ff50000 - 0x00007ff98ff77000 	C:\Windows\SYSTEM32\WINMM.dll
0x00007ff9913a0000 - 0x00007ff9913aa000 	C:\Windows\SYSTEM32\VERSION.dll
0x00007ff995840000 - 0x00007ff995852000 	C:\Windows\SYSTEM32\kernel.appcore.dll
0x00007ff994bb0000 - 0x00007ff994bc1000 	C:\Program Files\Android\Android Studio\jre\bin\verify.dll
0x00007ff9979a0000 - 0x00007ff997b84000 	C:\Windows\SYSTEM32\DBGHELP.DLL
0x00007ff9978f0000 - 0x00007ff99791c000 	C:\Windows\SYSTEM32\dbgcore.DLL
0x00007ff998290000 - 0x00007ff998312000 	C:\Windows\System32\bcryptPrimitives.dll
0x00007ff9949f0000 - 0x00007ff994a19000 	C:\Program Files\Android\Android Studio\jre\bin\java.dll
0x00007ff9949e0000 - 0x00007ff9949eb000 	C:\Program Files\Android\Android Studio\jre\bin\jimage.dll
0x00007ff992bd0000 - 0x00007ff992be8000 	C:\Program Files\Android\Android Studio\jre\bin\zip.dll
0x00007ff999d00000 - 0x00007ff99a444000 	C:\Windows\System32\SHELL32.dll
0x00007ff995a40000 - 0x00007ff9961d4000 	C:\Windows\SYSTEM32\windows.storage.dll
0x00007ff99a480000 - 0x00007ff99a7d4000 	C:\Windows\System32\combase.dll
0x00007ff997240000 - 0x00007ff99726c000 	C:\Windows\SYSTEM32\Wldp.dll
0x00007ff999c40000 - 0x00007ff999ced000 	C:\Windows\System32\SHCORE.dll
0x00007ff999930000 - 0x00007ff999985000 	C:\Windows\System32\shlwapi.dll
0x00007ff997eb0000 - 0x00007ff997ecf000 	C:\Windows\SYSTEM32\profapi.dll
0x00007ff992bb0000 - 0x00007ff992bca000 	C:\Program Files\Android\Android Studio\jre\bin\net.dll
0x00007ff98dac0000 - 0x00007ff98dbca000 	C:\Windows\SYSTEM32\WINHTTP.dll
0x00007ff997000000 - 0x00007ff99706a000 	C:\Windows\system32\mswsock.dll
0x00007ff992b90000 - 0x00007ff992ba4000 	C:\Program Files\Android\Android Studio\jre\bin\nio.dll
0x00007ff977cc0000 - 0x00007ff977ce7000 	C:\Users\pc\.gradle\native\8bec1ad78214c89d9ad589b4d07fe93259594b29d510b10fafb7a158f7737e5d\windows-amd64\native-platform.dll
0x00007ff9638c0000 - 0x00007ff9639fd000 	C:\Users\pc\.gradle\native\53dbd7edfb1c66fb8903c78663c9afc45aea4f116125fa6feffd364cf09443e8\windows-amd64\native-platform-file-events.dll
0x00007ff9949d0000 - 0x00007ff9949da000 	C:\Program Files\Android\Android Studio\jre\bin\management.dll
0x00007ff994920000 - 0x00007ff99492c000 	C:\Program Files\Android\Android Studio\jre\bin\management_ext.dll
0x00007ff997d00000 - 0x00007ff997d18000 	C:\Windows\SYSTEM32\CRYPTSP.dll
0x00007ff9969e0000 - 0x00007ff996a14000 	C:\Windows\system32\rsaenh.dll
0x00007ff998880000 - 0x00007ff9988a7000 	C:\Windows\System32\bcrypt.dll
0x00007ff997e70000 - 0x00007ff997e9e000 	C:\Windows\SYSTEM32\USERENV.dll
0x00007ff9972a0000 - 0x00007ff9972ac000 	C:\Windows\SYSTEM32\CRYPTBASE.dll
0x00007ff996d30000 - 0x00007ff996d6b000 	C:\Windows\SYSTEM32\IPHLPAPI.DLL
0x00007ff999bd0000 - 0x00007ff999bd8000 	C:\Windows\System32\NSI.dll
0x00007ff991f00000 - 0x00007ff991f17000 	C:\Windows\SYSTEM32\dhcpcsvc6.DLL
0x00007ff991980000 - 0x00007ff99199d000 	C:\Windows\SYSTEM32\dhcpcsvc.DLL
0x00007ff996d70000 - 0x00007ff996e3b000 	C:\Windows\SYSTEM32\DNSAPI.dll
0x00007ff98b800000 - 0x00007ff98b827000 	C:\Program Files\Android\Android Studio\jre\bin\sunec.dll
0x00007ff98dc50000 - 0x00007ff98dc5a000 	C:\Windows\System32\rasadhlp.dll
0x00007ff98f890000 - 0x00007ff98f910000 	C:\Windows\System32\fwpuclnt.dll

dbghelp: loaded successfully - version: 4.0.5 - missing functions: none
symbol engine: initialized successfully - sym options: 0x614 - pdb path: .;C:\Program Files\Android\Android Studio\jre\bin;C:\Windows\SYSTEM32;C:\Windows\WinSxS\amd64_microsoft.windows.common-controls_6595b64144ccf1df_6.0.19041.1110_none_60b5254171f9507e;C:\Program Files\Android\Android Studio\jre\bin\server;C:\Users\pc\.gradle\native\8bec1ad78214c89d9ad589b4d07fe93259594b29d510b10fafb7a158f7737e5d\windows-amd64;C:\Users\pc\.gradle\native\53dbd7edfb1c66fb8903c78663c9afc45aea4f116125fa6feffd364cf09443e8\windows-amd64

VM Arguments:
jvm_args: --add-opens=java.base/java.util=ALL-UNNAMED --add-opens=java.base/java.lang=ALL-UNNAMED --add-opens=java.base/java.lang.invoke=ALL-UNNAMED --add-opens=java.base/java.util=ALL-UNNAMED --add-opens=java.prefs/java.util.prefs=ALL-UNNAMED --add-opens=java.prefs/java.util.prefs=ALL-UNNAMED --add-opens=java.base/java.nio.charset=ALL-UNNAMED --add-opens=java.base/java.net=ALL-UNNAMED --add-opens=java.base/java.util.concurrent.atomic=ALL-UNNAMED -Xmx2048m -Dfile.encoding=UTF-8 -Duser.country=US -Duser.language=en -Duser.variant 
java_command: org.gradle.launcher.daemon.bootstrap.GradleDaemon 7.0.2
java_class_path (initial): C:\Users\pc\.gradle\wrapper\dists\gradle-7.0.2-bin\857tjihv64xamwrf0h14cai3r\gradle-7.0.2\lib\gradle-launcher-7.0.2.jar
Launcher Type: SUN_STANDARD

[Global flags]
     intx CICompilerCount                          = 3                                         {product} {ergonomic}
     uint ConcGCThreads                            = 1                                         {product} {ergonomic}
     uint G1ConcRefinementThreads                  = 4                                         {product} {ergonomic}
   size_t G1HeapRegionSize                         = 1048576                                   {product} {ergonomic}
    uintx GCDrainStackTargetSize                   = 64                                        {product} {ergonomic}
   size_t InitialHeapSize                          = 268435456                                 {product} {ergonomic}
   size_t MarkStackSize                            = 4194304                                   {product} {ergonomic}
   size_t MaxHeapSize                              = 2147483648                                {product} {command line}
   size_t MaxNewSize                               = 1287651328                                {product} {ergonomic}
   size_t MinHeapDeltaBytes                        = 1048576                                   {product} {ergonomic}
    uintx NonNMethodCodeHeapSize                   = 5830732                                {pd product} {ergonomic}
    uintx NonProfiledCodeHeapSize                  = 122913754                              {pd product} {ergonomic}
    uintx ProfiledCodeHeapSize                     = 122913754                              {pd product} {ergonomic}
    uintx ReservedCodeCacheSize                    = 251658240                              {pd product} {ergonomic}
     bool SegmentedCodeCache                       = true                                      {product} {ergonomic}
     bool UseCompressedClassPointers               = true                                 {lp64_product} {ergonomic}
     bool UseCompressedOops                        = true                                 {lp64_product} {ergonomic}
     bool UseG1GC                                  = true                                      {product} {ergonomic}
     bool UseLargePagesIndividualAllocation        = false                                  {pd product} {ergonomic}

Logging:
Log output configuration:
 #0: stdout all=warning uptime,level,tags
 #1: stderr all=off uptime,level,tags

Environment Variables:
PATH=C:\Windows\system32;C:\Windows;C:\Windows\System32\Wbem;C:\Windows\System32\WindowsPowerShell\v1.0\;C:\Windows\System32\OpenSSH\;C:\Program Files (x86)\NVIDIA Corporation\PhysX\Common;C:\Users\pc\anaconda3;C:\Users\pc\anaconda3\Library\mingw-w64\bin;C:\Users\pc\anaconda3\Library\usr\bin;C:\Users\pc\anaconda3\Library\bin;C:\Users\pc\anaconda3\Scripts;C:\Users\pc\AppData\Local\Microsoft\WindowsApps
USERNAME=pc
OS=Windows_NT
PROCESSOR_IDENTIFIER=Intel64 Family 6 Model 58 Stepping 9, GenuineIntel



---------------  S Y S T E M  ---------------

OS: Windows 10 , 64 bit Build 19041 (10.0.19041.1741)
OS uptime: 2 days 1:33 hours

CPU:total 4 (initial active 4) (4 cores per cpu, 1 threads per core) family 6 model 58 stepping 9 microcode 0x21, cmov, cx8, fxsr, mmx, sse, sse2, sse3, ssse3, sse4.1, sse4.2, popcnt, avx, aes, clmul, erms, tsc, tscinvbit, tscinv

Memory: 4k page, system-wide physical 16341M (3643M free)
TotalPageFile size 30581M (AvailPageFile size 5M)
current process WorkingSet (physical memory assigned to process): 660M, peak: 679M
current process commit charge ("private bytes"): 721M, peak: 736M

vm_info: OpenJDK 64-Bit Server VM (11.0.10+0-b96-7249189) for windows-amd64 JRE (11.0.10+0-b96-7249189), built on Mar 31 2021 21:44:00 by "builder" with MS VC++ 14.0 (VS2015)

END.
